{"meta": {"format": 3, "version": "7.10.7", "timestamp": "2025-10-31T22:13:14.740737", "branch_coverage": false, "show_contexts": false}, "files": {"api/__init__.py": {"executed_lines": [3, 25], "summary": {"covered_lines": 2, "num_statements": 2, "percent_covered": 100.0, "percent_covered_display": "100", "missing_lines": 0, "excluded_lines": 0}, "missing_lines": [], "excluded_lines": [], "functions": {"": {"executed_lines": [3, 25], "summary": {"covered_lines": 2, "num_statements": 2, "percent_covered": 100.0, "percent_covered_display": "100", "missing_lines": 0, "excluded_lines": 0}, "missing_lines": [], "excluded_lines": []}}, "classes": {"": {"executed_lines": [3, 25], "summary": {"covered_lines": 2, "num_statements": 2, "percent_covered": 100.0, "percent_covered_display": "100", "missing_lines": 0, "excluded_lines": 0}, "missing_lines": [], "excluded_lines": []}}}, "api/ab_testing.py": {"executed_lines": [1, 4, 5, 6, 7, 8, 9, 10, 11, 13, 14, 16, 17, 21, 22, 24, 25, 26, 27, 28, 29, 30, 31, 33, 34, 37, 38, 40, 41, 44, 45, 47, 48, 49, 52, 53, 55, 56, 57, 58, 61, 62, 64, 65, 68, 69, 71, 72, 73, 74, 75, 78, 79, 81, 82, 83, 84, 85, 88, 89, 91, 92, 93, 94, 96, 97, 98, 103, 104, 105, 114, 123, 146, 190, 191, 217, 218, 304, 305, 395, 396, 500, 501, 558, 559], "summary": {"covered_lines": 76, "num_statements": 255, "percent_covered": 29.80392156862745, "percent_covered_display": "30", "missing_lines": 179, "excluded_lines": 0}, "missing_lines": [99, 100, 101, 106, 107, 108, 109, 110, 117, 118, 119, 120, 126, 128, 130, 131, 133, 134, 135, 136, 137, 138, 139, 142, 143, 148, 149, 151, 153, 154, 156, 157, 159, 160, 162, 163, 164, 165, 170, 173, 174, 177, 178, 179, 180, 182, 184, 185, 186, 202, 203, 204, 205, 207, 208, 210, 211, 212, 236, 238, 246, 247, 253, 254, 257, 259, 260, 262, 264, 266, 267, 272, 273, 276, 283, 284, 286, 290, 294, 295, 296, 297, 298, 299, 323, 325, 333, 334, 340, 341, 343, 345, 346, 348, 350, 352, 354, 355, 357, 363, 364, 367, 374, 375, 377, 381, 385, 386, 387, 388, 389, 390, 410, 412, 414, 415, 421, 422, 424, 426, 436, 448, 451, 452, 453, 454, 455, 457, 467, 470, 473, 476, 477, 478, 479, 480, 482, 490, 491, 492, 493, 494, 512, 514, 516, 517, 523, 524, 525, 526, 532, 540, 541, 542, 544, 546, 548, 549, 550, 551, 552, 553, 570, 571, 573, 574, 579, 580, 582, 583, 585, 587, 591, 597, 598, 599, 600, 601, 602], "excluded_lines": [], "functions": {"CreateExperimentRequest.validate_name": {"executed_lines": [], "summary": {"covered_lines": 0, "num_statements": 3, "percent_covered": 0.0, "percent_covered_display": "0", "missing_lines": 3, "excluded_lines": 0}, "missing_lines": [99, 100, 101], "excluded_lines": []}, "CreateExperimentRequest.validate_variants": {"executed_lines": [], "summary": {"covered_lines": 0, "num_statements": 5, "percent_covered": 0.0, "percent_covered_display": "0", "missing_lines": 5, "excluded_lines": 0}, "missing_lines": [106, 107, 108, 109, 110], "excluded_lines": []}, "get_or_create_session_id": {"executed_lines": [], "summary": {"covered_lines": 0, "num_statements": 4, "percent_covered": 0.0, "percent_covered_display": "0", "missing_lines": 4, "excluded_lines": 0}, "missing_lines": [117, 118, 119, 120], "excluded_lines": []}, "assign_variant": {"executed_lines": [], "summary": {"covered_lines": 0, "num_statements": 13, "percent_covered": 0.0, "percent_covered_display": "0", "missing_lines": 13, "excluded_lines": 0}, "missing_lines": [126, 128, 130, 131, 133, 134, 135, 136, 137, 138, 139, 142, 143], "excluded_lines": []}, "calculate_chi_squared": {"executed_lines": [], "summary": {"covered_lines": 0, "num_statements": 24, "percent_covered": 0.0, "percent_covered_display": "0", "missing_lines": 24, "excluded_lines": 0}, "missing_lines": [148, 149, 151, 153, 154, 156, 157, 159, 160, 162, 163, 164, 165, 170, 173, 174, 177, 178, 179, 180, 182, 184, 185, 186], "excluded_lines": []}, "list_experiments": {"executed_lines": [], "summary": {"covered_lines": 0, "num_statements": 9, "percent_covered": 0.0, "percent_covered_display": "0", "missing_lines": 9, "excluded_lines": 0}, "missing_lines": [202, 203, 204, 205, 207, 208, 210, 211, 212], "excluded_lines": []}, "assign_variant_endpoint": {"executed_lines": [], "summary": {"covered_lines": 0, "num_statements": 26, "percent_covered": 0.0, "percent_covered_display": "0", "missing_lines": 26, "excluded_lines": 0}, "missing_lines": [236, 238, 246, 247, 253, 254, 257, 259, 260, 262, 264, 266, 267, 272, 273, 276, 283, 284, 286, 290, 294, 295, 296, 297, 298, 299], "excluded_lines": []}, "track_conversion": {"executed_lines": [], "summary": {"covered_lines": 0, "num_statements": 28, "percent_covered": 0.0, "percent_covered_display": "0", "missing_lines": 28, "excluded_lines": 0}, "missing_lines": [323, 325, 333, 334, 340, 341, 343, 345, 346, 348, 350, 352, 354, 355, 357, 363, 364, 367, 374, 375, 377, 381, 385, 386, 387, 388, 389, 390], "excluded_lines": []}, "get_experiment_results": {"executed_lines": [], "summary": {"covered_lines": 0, "num_statements": 30, "percent_covered": 0.0, "percent_covered_display": "0", "missing_lines": 30, "excluded_lines": 0}, "missing_lines": [410, 412, 414, 415, 421, 422, 424, 426, 436, 448, 451, 452, 453, 454, 455, 457, 467, 470, 473, 476, 477, 478, 479, 480, 482, 490, 491, 492, 493, 494], "excluded_lines": []}, "create_experiment": {"executed_lines": [], "summary": {"covered_lines": 0, "num_statements": 20, "percent_covered": 0.0, "percent_covered_display": "0", "missing_lines": 20, "excluded_lines": 0}, "missing_lines": [512, 514, 516, 517, 523, 524, 525, 526, 532, 540, 541, 542, 544, 546, 548, 549, 550, 551, 552, 553], "excluded_lines": []}, "toggle_experiment": {"executed_lines": [], "summary": {"covered_lines": 0, "num_statements": 17, "percent_covered": 0.0, "percent_covered_display": "0", "missing_lines": 17, "excluded_lines": 0}, "missing_lines": [570, 571, 573, 574, 579, 580, 582, 583, 585, 587, 591, 597, 598, 599, 600, 601, 602], "excluded_lines": []}, "": {"executed_lines": [1, 4, 5, 6, 7, 8, 9, 10, 11, 13, 14, 16, 17, 21, 22, 24, 25, 26, 27, 28, 29, 30, 31, 33, 34, 37, 38, 40, 41, 44, 45, 47, 48, 49, 52, 53, 55, 56, 57, 58, 61, 62, 64, 65, 68, 69, 71, 72, 73, 74, 75, 78, 79, 81, 82, 83, 84, 85, 88, 89, 91, 92, 93, 94, 96, 97, 98, 103, 104, 105, 114, 123, 146, 190, 191, 217, 218, 304, 305, 395, 396, 500, 501, 558, 559], "summary": {"covered_lines": 76, "num_statements": 76, "percent_covered": 100.0, "percent_covered_display": "100", "missing_lines": 0, "excluded_lines": 0}, "missing_lines": [], "excluded_lines": []}}, "classes": {"ExperimentResponse": {"executed_lines": [], "summary": {"covered_lines": 0, "num_statements": 0, "percent_covered": 100.0, "percent_covered_display": "100", "missing_lines": 0, "excluded_lines": 0}, "missing_lines": [], "excluded_lines": []}, "ExperimentResponse.Config": {"executed_lines": [], "summary": {"covered_lines": 0, "num_statements": 0, "percent_covered": 100.0, "percent_covered_display": "100", "missing_lines": 0, "excluded_lines": 0}, "missing_lines": [], "excluded_lines": []}, "AssignmentRequest": {"executed_lines": [], "summary": {"covered_lines": 0, "num_statements": 0, "percent_covered": 100.0, "percent_covered_display": "100", "missing_lines": 0, "excluded_lines": 0}, "missing_lines": [], "excluded_lines": []}, "AssignmentResponse": {"executed_lines": [], "summary": {"covered_lines": 0, "num_statements": 0, "percent_covered": 100.0, "percent_covered_display": "100", "missing_lines": 0, "excluded_lines": 0}, "missing_lines": [], "excluded_lines": []}, "ConversionRequest": {"executed_lines": [], "summary": {"covered_lines": 0, "num_statements": 0, "percent_covered": 100.0, "percent_covered_display": "100", "missing_lines": 0, "excluded_lines": 0}, "missing_lines": [], "excluded_lines": []}, "ConversionResponse": {"executed_lines": [], "summary": {"covered_lines": 0, "num_statements": 0, "percent_covered": 100.0, "percent_covered_display": "100", "missing_lines": 0, "excluded_lines": 0}, "missing_lines": [], "excluded_lines": []}, "VariantStats": {"executed_lines": [], "summary": {"covered_lines": 0, "num_statements": 0, "percent_covered": 100.0, "percent_covered_display": "100", "missing_lines": 0, "excluded_lines": 0}, "missing_lines": [], "excluded_lines": []}, "ExperimentResults": {"executed_lines": [], "summary": {"covered_lines": 0, "num_statements": 0, "percent_covered": 100.0, "percent_covered_display": "100", "missing_lines": 0, "excluded_lines": 0}, "missing_lines": [], "excluded_lines": []}, "CreateExperimentRequest": {"executed_lines": [], "summary": {"covered_lines": 0, "num_statements": 8, "percent_covered": 0.0, "percent_covered_display": "0", "missing_lines": 8, "excluded_lines": 0}, "missing_lines": [99, 100, 101, 106, 107, 108, 109, 110], "excluded_lines": []}, "": {"executed_lines": [1, 4, 5, 6, 7, 8, 9, 10, 11, 13, 14, 16, 17, 21, 22, 24, 25, 26, 27, 28, 29, 30, 31, 33, 34, 37, 38, 40, 41, 44, 45, 47, 48, 49, 52, 53, 55, 56, 57, 58, 61, 62, 64, 65, 68, 69, 71, 72, 73, 74, 75, 78, 79, 81, 82, 83, 84, 85, 88, 89, 91, 92, 93, 94, 96, 97, 98, 103, 104, 105, 114, 123, 146, 190, 191, 217, 218, 304, 305, 395, 396, 500, 501, 558, 559], "summary": {"covered_lines": 76, "num_statements": 247, "percent_covered": 30.76923076923077, "percent_covered_display": "31", "missing_lines": 171, "excluded_lines": 0}, "missing_lines": [117, 118, 119, 120, 126, 128, 130, 131, 133, 134, 135, 136, 137, 138, 139, 142, 143, 148, 149, 151, 153, 154, 156, 157, 159, 160, 162, 163, 164, 165, 170, 173, 174, 177, 178, 179, 180, 182, 184, 185, 186, 202, 203, 204, 205, 207, 208, 210, 211, 212, 236, 238, 246, 247, 253, 254, 257, 259, 260, 262, 264, 266, 267, 272, 273, 276, 283, 284, 286, 290, 294, 295, 296, 297, 298, 299, 323, 325, 333, 334, 340, 341, 343, 345, 346, 348, 350, 352, 354, 355, 357, 363, 364, 367, 374, 375, 377, 381, 385, 386, 387, 388, 389, 390, 410, 412, 414, 415, 421, 422, 424, 426, 436, 448, 451, 452, 453, 454, 455, 457, 467, 470, 473, 476, 477, 478, 479, 480, 482, 490, 491, 492, 493, 494, 512, 514, 516, 517, 523, 524, 525, 526, 532, 540, 541, 542, 544, 546, 548, 549, 550, 551, 552, 553, 570, 571, 573, 574, 579, 580, 582, 583, 585, 587, 591, 597, 598, 599, 600, 601, 602], "excluded_lines": []}}}, "api/admin_oauth_credentials.py": {"executed_lines": [1, 22, 23, 24, 25, 26, 27, 29, 30, 31, 32, 35, 36, 38, 46, 47, 49, 52, 53, 54, 57, 58, 59, 60, 62, 64, 65, 75, 76, 78, 79, 80, 81, 82, 83, 84, 87, 90, 91, 92, 94, 95, 96, 117, 118, 120, 121, 122, 123, 125, 126, 136, 137, 139, 140, 141, 143, 144, 158, 164, 229, 235, 300, 305, 366, 371, 416, 422, 468, 474], "summary": {"covered_lines": 65, "num_statements": 153, "percent_covered": 42.48366013071895, "percent_covered_display": "42", "missing_lines": 88, "excluded_lines": 0}, "missing_lines": [175, 176, 177, 179, 181, 183, 190, 195, 196, 197, 198, 200, 218, 219, 221, 222, 223, 245, 246, 247, 249, 250, 255, 258, 265, 268, 269, 270, 271, 273, 287, 288, 290, 291, 292, 293, 294, 319, 320, 323, 324, 330, 344, 346, 353, 354, 355, 356, 357, 358, 359, 360, 381, 382, 385, 386, 391, 393, 394, 398, 400, 406, 407, 408, 409, 410, 432, 433, 436, 437, 442, 444, 446, 453, 454, 455, 456, 457, 483, 484, 485, 488, 489, 490, 495, 497, 498, 499], "excluded_lines": [], "functions": {"list_oauth_credentials": {"executed_lines": [], "summary": {"covered_lines": 0, "num_statements": 17, "percent_covered": 0.0, "percent_covered_display": "0", "missing_lines": 17, "excluded_lines": 0}, "missing_lines": [175, 176, 177, 179, 181, 183, 190, 195, 196, 197, 198, 200, 218, 219, 221, 222, 223], "excluded_lines": []}, "get_oauth_credential": {"executed_lines": [], "summary": {"covered_lines": 0, "num_statements": 20, "percent_covered": 0.0, "percent_covered_display": "0", "missing_lines": 20, "excluded_lines": 0}, "missing_lines": [245, 246, 247, 249, 250, 255, 258, 265, 268, 269, 270, 271, 273, 287, 288, 290, 291, 292, 293, 294], "excluded_lines": []}, "create_or_update_oauth_credential": {"executed_lines": [], "summary": {"covered_lines": 0, "num_statements": 15, "percent_covered": 0.0, "percent_covered_display": "0", "missing_lines": 15, "excluded_lines": 0}, "missing_lines": [319, 320, 323, 324, 330, 344, 346, 353, 354, 355, 356, 357, 358, 359, 360], "excluded_lines": []}, "delete_oauth_credential": {"executed_lines": [], "summary": {"covered_lines": 0, "num_statements": 14, "percent_covered": 0.0, "percent_covered_display": "0", "missing_lines": 14, "excluded_lines": 0}, "missing_lines": [381, 382, 385, 386, 391, 393, 394, 398, 400, 406, 407, 408, 409, 410], "excluded_lines": []}, "test_oauth_connection": {"executed_lines": [], "summary": {"covered_lines": 0, "num_statements": 12, "percent_covered": 0.0, "percent_covered_display": "0", "missing_lines": 12, "excluded_lines": 0}, "missing_lines": [432, 433, 436, 437, 442, 444, 446, 453, 454, 455, 456, 457], "excluded_lines": []}, "get_public_oauth_status": {"executed_lines": [], "summary": {"covered_lines": 0, "num_statements": 10, "percent_covered": 0.0, "percent_covered_display": "0", "missing_lines": 10, "excluded_lines": 0}, "missing_lines": [483, 484, 485, 488, 489, 490, 495, 497, 498, 499], "excluded_lines": []}, "": {"executed_lines": [1, 22, 23, 24, 25, 26, 27, 29, 30, 31, 32, 35, 36, 38, 46, 47, 49, 52, 53, 54, 57, 58, 59, 60, 62, 64, 65, 75, 76, 78, 79, 80, 81, 82, 83, 84, 87, 90, 91, 92, 94, 95, 96, 117, 118, 120, 121, 122, 123, 125, 126, 136, 137, 139, 140, 141, 143, 144, 158, 164, 229, 235, 300, 305, 366, 371, 416, 422, 468, 474], "summary": {"covered_lines": 65, "num_statements": 65, "percent_covered": 100.0, "percent_covered_display": "100", "missing_lines": 0, "excluded_lines": 0}, "missing_lines": [], "excluded_lines": []}}, "classes": {"OAuthCredentialCreate": {"executed_lines": [], "summary": {"covered_lines": 0, "num_statements": 0, "percent_covered": 100.0, "percent_covered_display": "100", "missing_lines": 0, "excluded_lines": 0}, "missing_lines": [], "excluded_lines": []}, "OAuthCredentialCreate.Config": {"executed_lines": [], "summary": {"covered_lines": 0, "num_statements": 0, "percent_covered": 100.0, "percent_covered_display": "100", "missing_lines": 0, "excluded_lines": 0}, "missing_lines": [], "excluded_lines": []}, "OAuthCredentialResponse": {"executed_lines": [], "summary": {"covered_lines": 0, "num_statements": 0, "percent_covered": 100.0, "percent_covered_display": "100", "missing_lines": 0, "excluded_lines": 0}, "missing_lines": [], "excluded_lines": []}, "OAuthCredentialResponse.Config": {"executed_lines": [], "summary": {"covered_lines": 0, "num_statements": 0, "percent_covered": 100.0, "percent_covered_display": "100", "missing_lines": 0, "excluded_lines": 0}, "missing_lines": [], "excluded_lines": []}, "TestConnectionResponse": {"executed_lines": [], "summary": {"covered_lines": 0, "num_statements": 0, "percent_covered": 100.0, "percent_covered_display": "100", "missing_lines": 0, "excluded_lines": 0}, "missing_lines": [], "excluded_lines": []}, "TestConnectionResponse.Config": {"executed_lines": [], "summary": {"covered_lines": 0, "num_statements": 0, "percent_covered": 100.0, "percent_covered_display": "100", "missing_lines": 0, "excluded_lines": 0}, "missing_lines": [], "excluded_lines": []}, "PublicStatusResponse": {"executed_lines": [], "summary": {"covered_lines": 0, "num_statements": 0, "percent_covered": 100.0, "percent_covered_display": "100", "missing_lines": 0, "excluded_lines": 0}, "missing_lines": [], "excluded_lines": []}, "PublicStatusResponse.Config": {"executed_lines": [], "summary": {"covered_lines": 0, "num_statements": 0, "percent_covered": 100.0, "percent_covered_display": "100", "missing_lines": 0, "excluded_lines": 0}, "missing_lines": [], "excluded_lines": []}, "": {"executed_lines": [1, 22, 23, 24, 25, 26, 27, 29, 30, 31, 32, 35, 36, 38, 46, 47, 49, 52, 53, 54, 57, 58, 59, 60, 62, 64, 65, 75, 76, 78, 79, 80, 81, 82, 83, 84, 87, 90, 91, 92, 94, 95, 96, 117, 118, 120, 121, 122, 123, 125, 126, 136, 137, 139, 140, 141, 143, 144, 158, 164, 229, 235, 300, 305, 366, 371, 416, 422, 468, 474], "summary": {"covered_lines": 65, "num_statements": 153, "percent_covered": 42.48366013071895, "percent_covered_display": "42", "missing_lines": 88, "excluded_lines": 0}, "missing_lines": [175, 176, 177, 179, 181, 183, 190, 195, 196, 197, 198, 200, 218, 219, 221, 222, 223, 245, 246, 247, 249, 250, 255, 258, 265, 268, 269, 270, 271, 273, 287, 288, 290, 291, 292, 293, 294, 319, 320, 323, 324, 330, 344, 346, 353, 354, 355, 356, 357, 358, 359, 360, 381, 382, 385, 386, 391, 393, 394, 398, 400, 406, 407, 408, 409, 410, 432, 433, 436, 437, 442, 444, 446, 453, 454, 455, 456, 457, 483, 484, 485, 488, 489, 490, 495, 497, 498, 499], "excluded_lines": []}}}, "api/ai_chat.py": {"executed_lines": [1, 5, 6, 7, 8, 9, 10, 11, 12, 13, 15, 17, 20, 21, 24, 25, 27, 28, 31, 32, 34, 35, 36, 37, 38, 41, 42, 44, 45, 46, 47, 50, 66, 89, 119, 175, 176, 215, 216, 236, 237], "summary": {"covered_lines": 37, "num_statements": 113, "percent_covered": 32.743362831858406, "percent_covered_display": "33", "missing_lines": 76, "excluded_lines": 0}, "missing_lines": [52, 53, 54, 56, 57, 58, 59, 60, 61, 63, 69, 70, 73, 74, 75, 76, 78, 79, 80, 81, 83, 94, 95, 97, 104, 105, 106, 107, 108, 109, 110, 111, 112, 115, 116, 124, 125, 132, 133, 137, 144, 145, 147, 148, 149, 150, 151, 154, 165, 166, 167, 168, 171, 172, 182, 183, 185, 187, 190, 191, 195, 200, 202, 209, 210, 211, 212, 218, 220, 221, 226, 239, 240, 241, 242, 243], "excluded_lines": [], "functions": {"get_setting_value": {"executed_lines": [], "summary": {"covered_lines": 0, "num_statements": 10, "percent_covered": 0.0, "percent_covered_display": "0", "missing_lines": 10, "excluded_lines": 0}, "missing_lines": [52, 53, 54, 56, 57, 58, 59, 60, 61, 63], "excluded_lines": []}, "get_ai_provider": {"executed_lines": [], "summary": {"covered_lines": 0, "num_statements": 11, "percent_covered": 0.0, "percent_covered_display": "0", "missing_lines": 11, "excluded_lines": 0}, "missing_lines": [69, 70, 73, 74, 75, 76, 78, 79, 80, 81, 83], "excluded_lines": []}, "call_openai": {"executed_lines": [], "summary": {"covered_lines": 0, "num_statements": 14, "percent_covered": 0.0, "percent_covered_display": "0", "missing_lines": 14, "excluded_lines": 0}, "missing_lines": [94, 95, 97, 104, 105, 106, 107, 108, 109, 110, 111, 112, 115, 116], "excluded_lines": []}, "call_anthropic": {"executed_lines": [], "summary": {"covered_lines": 0, "num_statements": 19, "percent_covered": 0.0, "percent_covered_display": "0", "missing_lines": 19, "excluded_lines": 0}, "missing_lines": [124, 125, 132, 133, 137, 144, 145, 147, 148, 149, 150, 151, 154, 165, 166, 167, 168, 171, 172], "excluded_lines": []}, "chat": {"executed_lines": [], "summary": {"covered_lines": 0, "num_statements": 13, "percent_covered": 0.0, "percent_covered_display": "0", "missing_lines": 13, "excluded_lines": 0}, "missing_lines": [182, 183, 185, 187, 190, 191, 195, 200, 202, 209, 210, 211, 212], "excluded_lines": []}, "list_models": {"executed_lines": [], "summary": {"covered_lines": 0, "num_statements": 4, "percent_covered": 0.0, "percent_covered_display": "0", "missing_lines": 4, "excluded_lines": 0}, "missing_lines": [218, 220, 221, 226], "excluded_lines": []}, "health": {"executed_lines": [], "summary": {"covered_lines": 0, "num_statements": 5, "percent_covered": 0.0, "percent_covered_display": "0", "missing_lines": 5, "excluded_lines": 0}, "missing_lines": [239, 240, 241, 242, 243], "excluded_lines": []}, "": {"executed_lines": [1, 5, 6, 7, 8, 9, 10, 11, 12, 13, 15, 17, 20, 21, 24, 25, 27, 28, 31, 32, 34, 35, 36, 37, 38, 41, 42, 44, 45, 46, 47, 50, 66, 89, 119, 175, 176, 215, 216, 236, 237], "summary": {"covered_lines": 37, "num_statements": 37, "percent_covered": 100.0, "percent_covered_display": "100", "missing_lines": 0, "excluded_lines": 0}, "missing_lines": [], "excluded_lines": []}}, "classes": {"Message": {"executed_lines": [], "summary": {"covered_lines": 0, "num_statements": 0, "percent_covered": 100.0, "percent_covered_display": "100", "missing_lines": 0, "excluded_lines": 0}, "missing_lines": [], "excluded_lines": []}, "ChatRequest": {"executed_lines": [], "summary": {"covered_lines": 0, "num_statements": 0, "percent_covered": 100.0, "percent_covered_display": "100", "missing_lines": 0, "excluded_lines": 0}, "missing_lines": [], "excluded_lines": []}, "ChatResponse": {"executed_lines": [], "summary": {"covered_lines": 0, "num_statements": 0, "percent_covered": 100.0, "percent_covered_display": "100", "missing_lines": 0, "excluded_lines": 0}, "missing_lines": [], "excluded_lines": []}, "": {"executed_lines": [1, 5, 6, 7, 8, 9, 10, 11, 12, 13, 15, 17, 20, 21, 24, 25, 27, 28, 31, 32, 34, 35, 36, 37, 38, 41, 42, 44, 45, 46, 47, 50, 66, 89, 119, 175, 176, 215, 216, 236, 237], "summary": {"covered_lines": 37, "num_statements": 113, "percent_covered": 32.743362831858406, "percent_covered_display": "33", "missing_lines": 76, "excluded_lines": 0}, "missing_lines": [52, 53, 54, 56, 57, 58, 59, 60, 61, 63, 69, 70, 73, 74, 75, 76, 78, 79, 80, 81, 83, 94, 95, 97, 104, 105, 106, 107, 108, 109, 110, 111, 112, 115, 116, 124, 125, 132, 133, 137, 144, 145, 147, 148, 149, 150, 151, 154, 165, 166, 167, 168, 171, 172, 182, 183, 185, 187, 190, 191, 195, 200, 202, 209, 210, 211, 212, 218, 220, 221, 226, 239, 240, 241, 242, 243], "excluded_lines": []}}}, "api/analytics.py": {"executed_lines": [1, 4, 5, 6, 7, 8, 9, 10, 11, 13, 15, 19, 20, 22, 23, 24, 27, 28, 30, 31, 34, 35, 37, 38, 39, 40, 41, 42, 43, 44, 47, 48, 50, 51, 52, 53, 56, 57, 59, 60, 61, 62, 63, 67, 82, 100, 106, 131, 132, 192, 193, 267, 268, 369, 370, 445, 446], "summary": {"covered_lines": 51, "num_statements": 169, "percent_covered": 30.17751479289941, "percent_covered_display": "30", "missing_lines": 118, "excluded_lines": 0}, "missing_lines": [69, 70, 72, 73, 75, 76, 79, 85, 86, 87, 89, 90, 91, 94, 95, 97, 102, 103, 108, 109, 110, 111, 113, 116, 121, 122, 124, 125, 126, 127, 136, 138, 140, 143, 146, 147, 148, 151, 152, 153, 154, 157, 160, 180, 182, 184, 186, 187, 188, 189, 199, 201, 202, 204, 206, 207, 209, 212, 213, 224, 227, 228, 229, 230, 231, 232, 233, 236, 237, 238, 239, 241, 251, 262, 263, 264, 274, 276, 277, 279, 281, 282, 284, 287, 297, 300, 311, 314, 325, 328, 346, 356, 364, 365, 366, 380, 382, 383, 385, 387, 388, 390, 393, 407, 409, 410, 411, 413, 415, 417, 418, 419, 420, 434, 440, 441, 442, 448], "excluded_lines": [], "functions": {"anonymize_ip": {"executed_lines": [], "summary": {"covered_lines": 0, "num_statements": 7, "percent_covered": 0.0, "percent_covered_display": "0", "missing_lines": 7, "excluded_lines": 0}, "missing_lines": [69, 70, 72, 73, 75, 76, 79], "excluded_lines": []}, "get_client_ip": {"executed_lines": [], "summary": {"covered_lines": 0, "num_statements": 9, "percent_covered": 0.0, "percent_covered_display": "0", "missing_lines": 9, "excluded_lines": 0}, "missing_lines": [85, 86, 87, 89, 90, 91, 94, 95, 97], "excluded_lines": []}, "check_dnt": {"executed_lines": [], "summary": {"covered_lines": 0, "num_statements": 2, "percent_covered": 0.0, "percent_covered_display": "0", "missing_lines": 2, "excluded_lines": 0}, "missing_lines": [102, 103], "excluded_lines": []}, "get_current_user_id": {"executed_lines": [], "summary": {"covered_lines": 0, "num_statements": 12, "percent_covered": 0.0, "percent_covered_display": "0", "missing_lines": 12, "excluded_lines": 0}, "missing_lines": [108, 109, 110, 111, 113, 116, 121, 122, 124, 125, 126, 127], "excluded_lines": []}, "track_event": {"executed_lines": [], "summary": {"covered_lines": 0, "num_statements": 20, "percent_covered": 0.0, "percent_covered_display": "0", "missing_lines": 20, "excluded_lines": 0}, "missing_lines": [136, 138, 140, 143, 146, 147, 148, 151, 152, 153, 154, 157, 160, 180, 182, 184, 186, 187, 188, 189], "excluded_lines": []}, "get_funnel_metrics": {"executed_lines": [], "summary": {"covered_lines": 0, "num_statements": 21, "percent_covered": 0.0, "percent_covered_display": "0", "missing_lines": 21, "excluded_lines": 0}, "missing_lines": [199, 201, 202, 204, 206, 207, 209, 212, 227, 228, 229, 230, 231, 232, 233, 236, 241, 251, 262, 263, 264], "excluded_lines": []}, "get_funnel_metrics.count_events": {"executed_lines": [], "summary": {"covered_lines": 0, "num_statements": 2, "percent_covered": 0.0, "percent_covered_display": "0", "missing_lines": 2, "excluded_lines": 0}, "missing_lines": [213, 224], "excluded_lines": []}, "get_funnel_metrics.calc_rate": {"executed_lines": [], "summary": {"covered_lines": 0, "num_statements": 3, "percent_covered": 0.0, "percent_covered_display": "0", "missing_lines": 3, "excluded_lines": 0}, "missing_lines": [237, 238, 239], "excluded_lines": []}, "get_analytics_summary": {"executed_lines": [], "summary": {"covered_lines": 0, "num_statements": 19, "percent_covered": 0.0, "percent_covered_display": "0", "missing_lines": 19, "excluded_lines": 0}, "missing_lines": [274, 276, 277, 279, 281, 282, 284, 287, 297, 300, 311, 314, 325, 328, 346, 356, 364, 365, 366], "excluded_lines": []}, "get_events": {"executed_lines": [], "summary": {"covered_lines": 0, "num_statements": 22, "percent_covered": 0.0, "percent_covered_display": "0", "missing_lines": 22, "excluded_lines": 0}, "missing_lines": [380, 382, 383, 385, 387, 388, 390, 393, 407, 409, 410, 411, 413, 415, 417, 418, 419, 420, 434, 440, 441, 442], "excluded_lines": []}, "test_analytics": {"executed_lines": [], "summary": {"covered_lines": 0, "num_statements": 1, "percent_covered": 0.0, "percent_covered_display": "0", "missing_lines": 1, "excluded_lines": 0}, "missing_lines": [448], "excluded_lines": []}, "": {"executed_lines": [1, 4, 5, 6, 7, 8, 9, 10, 11, 13, 15, 19, 20, 22, 23, 24, 27, 28, 30, 31, 34, 35, 37, 38, 39, 40, 41, 42, 43, 44, 47, 48, 50, 51, 52, 53, 56, 57, 59, 60, 61, 62, 63, 67, 82, 100, 106, 131, 132, 192, 193, 267, 268, 369, 370, 445, 446], "summary": {"covered_lines": 51, "num_statements": 51, "percent_covered": 100.0, "percent_covered_display": "100", "missing_lines": 0, "excluded_lines": 0}, "missing_lines": [], "excluded_lines": []}}, "classes": {"AnalyticsEvent": {"executed_lines": [], "summary": {"covered_lines": 0, "num_statements": 0, "percent_covered": 100.0, "percent_covered_display": "100", "missing_lines": 0, "excluded_lines": 0}, "missing_lines": [], "excluded_lines": []}, "AnalyticsEventResponse": {"executed_lines": [], "summary": {"covered_lines": 0, "num_statements": 0, "percent_covered": 100.0, "percent_covered_display": "100", "missing_lines": 0, "excluded_lines": 0}, "missing_lines": [], "excluded_lines": []}, "FunnelMetrics": {"executed_lines": [], "summary": {"covered_lines": 0, "num_statements": 0, "percent_covered": 100.0, "percent_covered_display": "100", "missing_lines": 0, "excluded_lines": 0}, "missing_lines": [], "excluded_lines": []}, "EventSummary": {"executed_lines": [], "summary": {"covered_lines": 0, "num_statements": 0, "percent_covered": 100.0, "percent_covered_display": "100", "missing_lines": 0, "excluded_lines": 0}, "missing_lines": [], "excluded_lines": []}, "AnalyticsSummary": {"executed_lines": [], "summary": {"covered_lines": 0, "num_statements": 0, "percent_covered": 100.0, "percent_covered_display": "100", "missing_lines": 0, "excluded_lines": 0}, "missing_lines": [], "excluded_lines": []}, "": {"executed_lines": [1, 4, 5, 6, 7, 8, 9, 10, 11, 13, 15, 19, 20, 22, 23, 24, 27, 28, 30, 31, 34, 35, 37, 38, 39, 40, 41, 42, 43, 44, 47, 48, 50, 51, 52, 53, 56, 57, 59, 60, 61, 62, 63, 67, 82, 100, 106, 131, 132, 192, 193, 267, 268, 369, 370, 445, 446], "summary": {"covered_lines": 51, "num_statements": 169, "percent_covered": 30.17751479289941, "percent_covered_display": "30", "missing_lines": 118, "excluded_lines": 0}, "missing_lines": [69, 70, 72, 73, 75, 76, 79, 85, 86, 87, 89, 90, 91, 94, 95, 97, 102, 103, 108, 109, 110, 111, 113, 116, 121, 122, 124, 125, 126, 127, 136, 138, 140, 143, 146, 147, 148, 151, 152, 153, 154, 157, 160, 180, 182, 184, 186, 187, 188, 189, 199, 201, 202, 204, 206, 207, 209, 212, 213, 224, 227, 228, 229, 230, 231, 232, 233, 236, 237, 238, 239, 241, 251, 262, 263, 264, 274, 276, 277, 279, 281, 282, 284, 287, 297, 300, 311, 314, 325, 328, 346, 356, 364, 365, 366, 380, 382, 383, 385, 387, 388, 390, 393, 407, 409, 410, 411, 413, 415, 417, 418, 419, 420, 434, 440, 441, 442, 448], "excluded_lines": []}}}, "api/articles.py": {"executed_lines": [1, 4, 5, 6, 7, 8, 9, 10, 12, 13, 15, 17, 18, 19, 20, 22, 23, 27, 28, 29, 30, 31, 32, 33, 34, 35, 36, 38, 39, 41, 42, 46, 53, 54, 57, 58, 60, 63, 64, 141, 142, 207, 208, 239, 240, 248, 249, 337, 338, 390, 391, 446, 447, 464, 465], "summary": {"covered_lines": 53, "num_statements": 193, "percent_covered": 27.46113989637306, "percent_covered_display": "27", "missing_lines": 140, "excluded_lines": 0}, "missing_lines": [44, 48, 49, 50, 80, 81, 84, 85, 86, 87, 88, 89, 90, 91, 94, 97, 99, 105, 106, 108, 109, 112, 113, 116, 117, 119, 121, 128, 131, 133, 168, 169, 172, 175, 176, 177, 178, 181, 182, 183, 184, 185, 186, 190, 192, 197, 199, 200, 201, 222, 223, 229, 231, 232, 233, 242, 243, 244, 245, 251, 253, 255, 256, 257, 258, 261, 262, 263, 266, 267, 268, 270, 272, 274, 276, 277, 278, 279, 280, 283, 292, 293, 294, 296, 298, 299, 300, 301, 304, 306, 312, 314, 316, 317, 321, 322, 329, 357, 359, 361, 362, 365, 366, 369, 370, 371, 373, 375, 382, 383, 384, 385, 386, 387, 410, 412, 416, 417, 420, 421, 422, 424, 426, 433, 434, 435, 436, 437, 438, 454, 455, 456, 458, 459, 461, 467, 468, 471, 474, 476], "excluded_lines": [], "functions": {"ArticleResponse.is_saved": {"executed_lines": [], "summary": {"covered_lines": 0, "num_statements": 1, "percent_covered": 0.0, "percent_covered_display": "0", "missing_lines": 1, "excluded_lines": 0}, "missing_lines": [44], "excluded_lines": []}, "ArticleResponse.model_dump": {"executed_lines": [], "summary": {"covered_lines": 0, "num_statements": 3, "percent_covered": 0.0, "percent_covered_display": "0", "missing_lines": 3, "excluded_lines": 0}, "missing_lines": [48, 49, 50], "excluded_lines": []}, "get_articles": {"executed_lines": [], "summary": {"covered_lines": 0, "num_statements": 26, "percent_covered": 0.0, "percent_covered_display": "0", "missing_lines": 26, "excluded_lines": 0}, "missing_lines": [80, 81, 84, 85, 86, 87, 88, 89, 90, 91, 94, 97, 99, 105, 106, 108, 109, 112, 113, 116, 117, 119, 121, 128, 131, 133], "excluded_lines": []}, "get_saved_articles": {"executed_lines": [], "summary": {"covered_lines": 0, "num_statements": 19, "percent_covered": 0.0, "percent_covered_display": "0", "missing_lines": 19, "excluded_lines": 0}, "missing_lines": [168, 169, 172, 175, 176, 177, 178, 181, 182, 183, 184, 185, 186, 190, 192, 197, 199, 200, 201], "excluded_lines": []}, "get_saved_count": {"executed_lines": [], "summary": {"covered_lines": 0, "num_statements": 6, "percent_covered": 0.0, "percent_covered_display": "0", "missing_lines": 6, "excluded_lines": 0}, "missing_lines": [222, 223, 229, 231, 232, 233], "excluded_lines": []}, "get_article": {"executed_lines": [], "summary": {"covered_lines": 0, "num_statements": 4, "percent_covered": 0.0, "percent_covered_display": "0", "missing_lines": 4, "excluded_lines": 0}, "missing_lines": [242, 243, 244, 245], "excluded_lines": []}, "fetch_articles": {"executed_lines": [], "summary": {"covered_lines": 0, "num_statements": 38, "percent_covered": 0.0, "percent_covered_display": "0", "missing_lines": 38, "excluded_lines": 0}, "missing_lines": [251, 253, 255, 256, 257, 258, 261, 262, 263, 266, 267, 268, 270, 272, 274, 276, 277, 278, 279, 280, 283, 292, 293, 294, 296, 298, 299, 300, 301, 304, 306, 312, 314, 316, 317, 321, 322, 329], "excluded_lines": []}, "save_article": {"executed_lines": [], "summary": {"covered_lines": 0, "num_statements": 17, "percent_covered": 0.0, "percent_covered_display": "0", "missing_lines": 17, "excluded_lines": 0}, "missing_lines": [357, 359, 361, 362, 365, 366, 369, 370, 371, 373, 375, 382, 383, 384, 385, 386, 387], "excluded_lines": []}, "unsave_article": {"executed_lines": [], "summary": {"covered_lines": 0, "num_statements": 15, "percent_covered": 0.0, "percent_covered_display": "0", "missing_lines": 15, "excluded_lines": 0}, "missing_lines": [410, 412, 416, 417, 420, 421, 422, 424, 426, 433, 434, 435, 436, 437, 438], "excluded_lines": []}, "toggle_bookmark": {"executed_lines": [], "summary": {"covered_lines": 0, "num_statements": 6, "percent_covered": 0.0, "percent_covered_display": "0", "missing_lines": 6, "excluded_lines": 0}, "missing_lines": [454, 455, 456, 458, 459, 461], "excluded_lines": []}, "get_stats": {"executed_lines": [], "summary": {"covered_lines": 0, "num_statements": 5, "percent_covered": 0.0, "percent_covered_display": "0", "missing_lines": 5, "excluded_lines": 0}, "missing_lines": [467, 468, 471, 474, 476], "excluded_lines": []}, "": {"executed_lines": [1, 4, 5, 6, 7, 8, 9, 10, 12, 13, 15, 17, 18, 19, 20, 22, 23, 27, 28, 29, 30, 31, 32, 33, 34, 35, 36, 38, 39, 41, 42, 46, 53, 54, 57, 58, 60, 63, 64, 141, 142, 207, 208, 239, 240, 248, 249, 337, 338, 390, 391, 446, 447, 464, 465], "summary": {"covered_lines": 53, "num_statements": 53, "percent_covered": 100.0, "percent_covered_display": "100", "missing_lines": 0, "excluded_lines": 0}, "missing_lines": [], "excluded_lines": []}}, "classes": {"ArticleResponse": {"executed_lines": [], "summary": {"covered_lines": 0, "num_statements": 4, "percent_covered": 0.0, "percent_covered_display": "0", "missing_lines": 4, "excluded_lines": 0}, "missing_lines": [44, 48, 49, 50], "excluded_lines": []}, "ArticleResponse.Config": {"executed_lines": [], "summary": {"covered_lines": 0, "num_statements": 0, "percent_covered": 100.0, "percent_covered_display": "100", "missing_lines": 0, "excluded_lines": 0}, "missing_lines": [], "excluded_lines": []}, "FetchRequest": {"executed_lines": [], "summary": {"covered_lines": 0, "num_statements": 0, "percent_covered": 100.0, "percent_covered_display": "100", "missing_lines": 0, "excluded_lines": 0}, "missing_lines": [], "excluded_lines": []}, "BookmarkRequest": {"executed_lines": [], "summary": {"covered_lines": 0, "num_statements": 0, "percent_covered": 100.0, "percent_covered_display": "100", "missing_lines": 0, "excluded_lines": 0}, "missing_lines": [], "excluded_lines": []}, "": {"executed_lines": [1, 4, 5, 6, 7, 8, 9, 10, 12, 13, 15, 17, 18, 19, 20, 22, 23, 27, 28, 29, 30, 31, 32, 33, 34, 35, 36, 38, 39, 41, 42, 46, 53, 54, 57, 58, 60, 63, 64, 141, 142, 207, 208, 239, 240, 248, 249, 337, 338, 390, 391, 446, 447, 464, 465], "summary": {"covered_lines": 53, "num_statements": 189, "percent_covered": 28.04232804232804, "percent_covered_display": "28", "missing_lines": 136, "excluded_lines": 0}, "missing_lines": [80, 81, 84, 85, 86, 87, 88, 89, 90, 91, 94, 97, 99, 105, 106, 108, 109, 112, 113, 116, 117, 119, 121, 128, 131, 133, 168, 169, 172, 175, 176, 177, 178, 181, 182, 183, 184, 185, 186, 190, 192, 197, 199, 200, 201, 222, 223, 229, 231, 232, 233, 242, 243, 244, 245, 251, 253, 255, 256, 257, 258, 261, 262, 263, 266, 267, 268, 270, 272, 274, 276, 277, 278, 279, 280, 283, 292, 293, 294, 296, 298, 299, 300, 301, 304, 306, 312, 314, 316, 317, 321, 322, 329, 357, 359, 361, 362, 365, 366, 369, 370, 371, 373, 375, 382, 383, 384, 385, 386, 387, 410, 412, 416, 417, 420, 421, 422, 424, 426, 433, 434, 435, 436, 437, 438, 454, 455, 456, 458, 459, 461, 467, 468, 471, 474, 476], "excluded_lines": []}}}, "api/auth.py": {"executed_lines": [1, 4, 5, 6, 7, 8, 9, 10, 12, 13, 20, 21, 28, 31, 32, 36, 37, 39, 40, 41, 43, 44, 45, 51, 52, 53, 60, 61, 63, 64, 65, 68, 69, 71, 72, 73, 74, 75, 76, 77, 79, 80, 83, 84, 86, 87, 88, 89, 92, 93, 95, 96, 99, 100, 102, 103, 104, 107, 108, 110, 111, 112, 114, 115, 116, 122, 123, 124, 131, 132, 134, 135, 137, 138, 139, 146, 147, 149, 152, 153, 155, 156, 157, 159, 160, 161, 168, 169, 170, 177, 178, 180, 181, 182, 183, 185, 186, 190, 191, 193, 201, 202, 204, 215, 216, 290, 291, 369, 370, 407, 408, 428, 429, 450, 451, 535, 536, 624, 625, 677, 678, 743, 744, 778, 779, 829, 830, 904, 905], "summary": {"covered_lines": 115, "num_statements": 346, "percent_covered": 33.23699421965318, "percent_covered_display": "33", "missing_lines": 231, "excluded_lines": 0}, "missing_lines": [47, 48, 49, 55, 56, 57, 118, 119, 120, 126, 127, 128, 141, 142, 143, 163, 164, 165, 166, 172, 173, 174, 194, 205, 233, 235, 237, 238, 239, 242, 245, 253, 254, 255, 258, 260, 262, 276, 277, 278, 279, 280, 281, 282, 283, 284, 308, 310, 312, 313, 314, 317, 318, 319, 322, 323, 324, 331, 336, 337, 339, 344, 359, 360, 361, 362, 363, 384, 386, 387, 388, 389, 390, 391, 393, 394, 395, 397, 399, 400, 401, 418, 439, 470, 472, 475, 476, 477, 478, 481, 483, 489, 490, 491, 496, 497, 498, 501, 502, 503, 504, 506, 507, 508, 509, 511, 521, 522, 523, 524, 525, 526, 527, 528, 529, 560, 562, 563, 566, 571, 574, 575, 578, 579, 580, 581, 582, 583, 586, 595, 596, 597, 599, 601, 605, 610, 611, 612, 613, 614, 615, 616, 617, 618, 647, 649, 650, 651, 655, 656, 659, 660, 662, 664, 666, 667, 668, 669, 670, 671, 700, 702, 705, 711, 713, 714, 715, 716, 719, 725, 726, 728, 730, 734, 735, 736, 737, 757, 758, 760, 770, 771, 772, 796, 797, 803, 804, 809, 810, 812, 814, 818, 819, 820, 821, 822, 823, 847, 849, 855, 856, 862, 864, 865, 866, 873, 874, 876, 877, 878, 880, 881, 883, 885, 888, 894, 895, 896, 897, 898, 925, 926, 929, 935, 941, 947, 950, 952, 965, 966, 967], "excluded_lines": [], "functions": {"RegisterRequest.validate_password": {"executed_lines": [], "summary": {"covered_lines": 0, "num_statements": 3, "percent_covered": 0.0, "percent_covered_display": "0", "missing_lines": 3, "excluded_lines": 0}, "missing_lines": [47, 48, 49], "excluded_lines": []}, "RegisterRequest.validate_full_name": {"executed_lines": [], "summary": {"covered_lines": 0, "num_statements": 3, "percent_covered": 0.0, "percent_covered_display": "0", "missing_lines": 3, "excluded_lines": 0}, "missing_lines": [55, 56, 57], "excluded_lines": []}, "UpdateProfileRequest.validate_full_name": {"executed_lines": [], "summary": {"covered_lines": 0, "num_statements": 3, "percent_covered": 0.0, "percent_covered_display": "0", "missing_lines": 3, "excluded_lines": 0}, "missing_lines": [118, 119, 120], "excluded_lines": []}, "UpdateProfileRequest.validate_bio": {"executed_lines": [], "summary": {"covered_lines": 0, "num_statements": 3, "percent_covered": 0.0, "percent_covered_display": "0", "missing_lines": 3, "excluded_lines": 0}, "missing_lines": [126, 127, 128], "excluded_lines": []}, "ChangePasswordRequest.validate_new_password": {"executed_lines": [], "summary": {"covered_lines": 0, "num_statements": 3, "percent_covered": 0.0, "percent_covered_display": "0", "missing_lines": 3, "excluded_lines": 0}, "missing_lines": [141, 142, 143], "excluded_lines": []}, "SaveApiKeyRequest.validate_provider": {"executed_lines": [], "summary": {"covered_lines": 0, "num_statements": 4, "percent_covered": 0.0, "percent_covered_display": "0", "missing_lines": 4, "excluded_lines": 0}, "missing_lines": [163, 164, 165, 166], "excluded_lines": []}, "SaveApiKeyRequest.validate_api_key": {"executed_lines": [], "summary": {"covered_lines": 0, "num_statements": 3, "percent_covered": 0.0, "percent_covered_display": "0", "missing_lines": 3, "excluded_lines": 0}, "missing_lines": [172, 173, 174], "excluded_lines": []}, "InvalidCredentialsException.__init__": {"executed_lines": [], "summary": {"covered_lines": 0, "num_statements": 1, "percent_covered": 0.0, "percent_covered_display": "0", "missing_lines": 1, "excluded_lines": 0}, "missing_lines": [194], "excluded_lines": []}, "UserAlreadyExistsException.__init__": {"executed_lines": [], "summary": {"covered_lines": 0, "num_statements": 1, "percent_covered": 0.0, "percent_covered_display": "0", "missing_lines": 1, "excluded_lines": 0}, "missing_lines": [205], "excluded_lines": []}, "register": {"executed_lines": [], "summary": {"covered_lines": 0, "num_statements": 22, "percent_covered": 0.0, "percent_covered_display": "0", "missing_lines": 22, "excluded_lines": 0}, "missing_lines": [233, 235, 237, 238, 239, 242, 245, 253, 254, 255, 258, 260, 262, 276, 277, 278, 279, 280, 281, 282, 283, 284], "excluded_lines": []}, "login": {"executed_lines": [], "summary": {"covered_lines": 0, "num_statements": 21, "percent_covered": 0.0, "percent_covered_display": "0", "missing_lines": 21, "excluded_lines": 0}, "missing_lines": [308, 310, 312, 313, 314, 317, 318, 319, 322, 323, 324, 331, 336, 337, 339, 344, 359, 360, 361, 362, 363], "excluded_lines": []}, "logout": {"executed_lines": [], "summary": {"covered_lines": 0, "num_statements": 14, "percent_covered": 0.0, "percent_covered_display": "0", "missing_lines": 14, "excluded_lines": 0}, "missing_lines": [384, 386, 387, 388, 389, 390, 391, 393, 394, 395, 397, 399, 400, 401], "excluded_lines": []}, "get_current_user_info": {"executed_lines": [], "summary": {"covered_lines": 0, "num_statements": 1, "percent_covered": 0.0, "percent_covered_display": "0", "missing_lines": 1, "excluded_lines": 0}, "missing_lines": [418], "excluded_lines": []}, "get_profile": {"executed_lines": [], "summary": {"covered_lines": 0, "num_statements": 1, "percent_covered": 0.0, "percent_covered_display": "0", "missing_lines": 1, "excluded_lines": 0}, "missing_lines": [439], "excluded_lines": []}, "update_profile": {"executed_lines": [], "summary": {"covered_lines": 0, "num_statements": 32, "percent_covered": 0.0, "percent_covered_display": "0", "missing_lines": 32, "excluded_lines": 0}, "missing_lines": [470, 472, 475, 476, 477, 478, 481, 483, 489, 490, 491, 496, 497, 498, 501, 502, 503, 504, 506, 507, 508, 509, 511, 521, 522, 523, 524, 525, 526, 527, 528, 529], "excluded_lines": []}, "change_password": {"executed_lines": [], "summary": {"covered_lines": 0, "num_statements": 29, "percent_covered": 0.0, "percent_covered_display": "0", "missing_lines": 29, "excluded_lines": 0}, "missing_lines": [560, 562, 563, 566, 571, 574, 575, 578, 579, 580, 581, 582, 583, 586, 595, 596, 597, 599, 601, 605, 610, 611, 612, 613, 614, 615, 616, 617, 618], "excluded_lines": []}, "delete_account": {"executed_lines": [], "summary": {"covered_lines": 0, "num_statements": 16, "percent_covered": 0.0, "percent_covered_display": "0", "missing_lines": 16, "excluded_lines": 0}, "missing_lines": [647, 649, 650, 651, 655, 656, 659, 660, 662, 664, 666, 667, 668, 669, 670, 671], "excluded_lines": []}, "save_api_key": {"executed_lines": [], "summary": {"covered_lines": 0, "num_statements": 17, "percent_covered": 0.0, "percent_covered_display": "0", "missing_lines": 17, "excluded_lines": 0}, "missing_lines": [700, 702, 705, 711, 713, 714, 715, 716, 719, 725, 726, 728, 730, 734, 735, 736, 737], "excluded_lines": []}, "get_api_keys": {"executed_lines": [], "summary": {"covered_lines": 0, "num_statements": 6, "percent_covered": 0.0, "percent_covered_display": "0", "missing_lines": 6, "excluded_lines": 0}, "missing_lines": [757, 758, 760, 770, 771, 772], "excluded_lines": []}, "delete_api_key": {"executed_lines": [], "summary": {"covered_lines": 0, "num_statements": 14, "percent_covered": 0.0, "percent_covered_display": "0", "missing_lines": 14, "excluded_lines": 0}, "missing_lines": [796, 797, 803, 804, 809, 810, 812, 814, 818, 819, 820, 821, 822, 823], "excluded_lines": []}, "test_api_key": {"executed_lines": [], "summary": {"covered_lines": 0, "num_statements": 23, "percent_covered": 0.0, "percent_covered_display": "0", "missing_lines": 23, "excluded_lines": 0}, "missing_lines": [847, 849, 855, 856, 862, 864, 865, 866, 873, 874, 876, 877, 878, 880, 881, 883, 885, 888, 894, 895, 896, 897, 898], "excluded_lines": []}, "get_user_stats": {"executed_lines": [], "summary": {"covered_lines": 0, "num_statements": 11, "percent_covered": 0.0, "percent_covered_display": "0", "missing_lines": 11, "excluded_lines": 0}, "missing_lines": [925, 926, 929, 935, 941, 947, 950, 952, 965, 966, 967], "excluded_lines": []}, "": {"executed_lines": [1, 4, 5, 6, 7, 8, 9, 10, 12, 13, 20, 21, 28, 31, 32, 36, 37, 39, 40, 41, 43, 44, 45, 51, 52, 53, 60, 61, 63, 64, 65, 68, 69, 71, 72, 73, 74, 75, 76, 77, 79, 80, 83, 84, 86, 87, 88, 89, 92, 93, 95, 96, 99, 100, 102, 103, 104, 107, 108, 110, 111, 112, 114, 115, 116, 122, 123, 124, 131, 132, 134, 135, 137, 138, 139, 146, 147, 149, 152, 153, 155, 156, 157, 159, 160, 161, 168, 169, 170, 177, 178, 180, 181, 182, 183, 185, 186, 190, 191, 193, 201, 202, 204, 215, 216, 290, 291, 369, 370, 407, 408, 428, 429, 450, 451, 535, 536, 624, 625, 677, 678, 743, 744, 778, 779, 829, 830, 904, 905], "summary": {"covered_lines": 115, "num_statements": 115, "percent_covered": 100.0, "percent_covered_display": "100", "missing_lines": 0, "excluded_lines": 0}, "missing_lines": [], "excluded_lines": []}}, "classes": {"RegisterRequest": {"executed_lines": [], "summary": {"covered_lines": 0, "num_statements": 6, "percent_covered": 0.0, "percent_covered_display": "0", "missing_lines": 6, "excluded_lines": 0}, "missing_lines": [47, 48, 49, 55, 56, 57], "excluded_lines": []}, "LoginRequest": {"executed_lines": [], "summary": {"covered_lines": 0, "num_statements": 0, "percent_covered": 100.0, "percent_covered_display": "100", "missing_lines": 0, "excluded_lines": 0}, "missing_lines": [], "excluded_lines": []}, "UserResponse": {"executed_lines": [], "summary": {"covered_lines": 0, "num_statements": 0, "percent_covered": 100.0, "percent_covered_display": "100", "missing_lines": 0, "excluded_lines": 0}, "missing_lines": [], "excluded_lines": []}, "UserResponse.Config": {"executed_lines": [], "summary": {"covered_lines": 0, "num_statements": 0, "percent_covered": 100.0, "percent_covered_display": "100", "missing_lines": 0, "excluded_lines": 0}, "missing_lines": [], "excluded_lines": []}, "LoginResponse": {"executed_lines": [], "summary": {"covered_lines": 0, "num_statements": 0, "percent_covered": 100.0, "percent_covered_display": "100", "missing_lines": 0, "excluded_lines": 0}, "missing_lines": [], "excluded_lines": []}, "StandardResponse": {"executed_lines": [], "summary": {"covered_lines": 0, "num_statements": 0, "percent_covered": 100.0, "percent_covered_display": "100", "missing_lines": 0, "excluded_lines": 0}, "missing_lines": [], "excluded_lines": []}, "ErrorResponse": {"executed_lines": [], "summary": {"covered_lines": 0, "num_statements": 0, "percent_covered": 100.0, "percent_covered_display": "100", "missing_lines": 0, "excluded_lines": 0}, "missing_lines": [], "excluded_lines": []}, "UpdateProfileRequest": {"executed_lines": [], "summary": {"covered_lines": 0, "num_statements": 6, "percent_covered": 0.0, "percent_covered_display": "0", "missing_lines": 6, "excluded_lines": 0}, "missing_lines": [118, 119, 120, 126, 127, 128], "excluded_lines": []}, "ChangePasswordRequest": {"executed_lines": [], "summary": {"covered_lines": 0, "num_statements": 3, "percent_covered": 0.0, "percent_covered_display": "0", "missing_lines": 3, "excluded_lines": 0}, "missing_lines": [141, 142, 143], "excluded_lines": []}, "DeleteAccountRequest": {"executed_lines": [], "summary": {"covered_lines": 0, "num_statements": 0, "percent_covered": 100.0, "percent_covered_display": "100", "missing_lines": 0, "excluded_lines": 0}, "missing_lines": [], "excluded_lines": []}, "SaveApiKeyRequest": {"executed_lines": [], "summary": {"covered_lines": 0, "num_statements": 7, "percent_covered": 0.0, "percent_covered_display": "0", "missing_lines": 7, "excluded_lines": 0}, "missing_lines": [163, 164, 165, 166, 172, 173, 174], "excluded_lines": []}, "ApiKeyResponse": {"executed_lines": [], "summary": {"covered_lines": 0, "num_statements": 0, "percent_covered": 100.0, "percent_covered_display": "100", "missing_lines": 0, "excluded_lines": 0}, "missing_lines": [], "excluded_lines": []}, "ApiKeyResponse.Config": {"executed_lines": [], "summary": {"covered_lines": 0, "num_statements": 0, "percent_covered": 100.0, "percent_covered_display": "100", "missing_lines": 0, "excluded_lines": 0}, "missing_lines": [], "excluded_lines": []}, "InvalidCredentialsException": {"executed_lines": [], "summary": {"covered_lines": 0, "num_statements": 1, "percent_covered": 0.0, "percent_covered_display": "0", "missing_lines": 1, "excluded_lines": 0}, "missing_lines": [194], "excluded_lines": []}, "UserAlreadyExistsException": {"executed_lines": [], "summary": {"covered_lines": 0, "num_statements": 1, "percent_covered": 0.0, "percent_covered_display": "0", "missing_lines": 1, "excluded_lines": 0}, "missing_lines": [205], "excluded_lines": []}, "": {"executed_lines": [1, 4, 5, 6, 7, 8, 9, 10, 12, 13, 20, 21, 28, 31, 32, 36, 37, 39, 40, 41, 43, 44, 45, 51, 52, 53, 60, 61, 63, 64, 65, 68, 69, 71, 72, 73, 74, 75, 76, 77, 79, 80, 83, 84, 86, 87, 88, 89, 92, 93, 95, 96, 99, 100, 102, 103, 104, 107, 108, 110, 111, 112, 114, 115, 116, 122, 123, 124, 131, 132, 134, 135, 137, 138, 139, 146, 147, 149, 152, 153, 155, 156, 157, 159, 160, 161, 168, 169, 170, 177, 178, 180, 181, 182, 183, 185, 186, 190, 191, 193, 201, 202, 204, 215, 216, 290, 291, 369, 370, 407, 408, 428, 429, 450, 451, 535, 536, 624, 625, 677, 678, 743, 744, 778, 779, 829, 830, 904, 905], "summary": {"covered_lines": 115, "num_statements": 322, "percent_covered": 35.714285714285715, "percent_covered_display": "36", "missing_lines": 207, "excluded_lines": 0}, "missing_lines": [233, 235, 237, 238, 239, 242, 245, 253, 254, 255, 258, 260, 262, 276, 277, 278, 279, 280, 281, 282, 283, 284, 308, 310, 312, 313, 314, 317, 318, 319, 322, 323, 324, 331, 336, 337, 339, 344, 359, 360, 361, 362, 363, 384, 386, 387, 388, 389, 390, 391, 393, 394, 395, 397, 399, 400, 401, 418, 439, 470, 472, 475, 476, 477, 478, 481, 483, 489, 490, 491, 496, 497, 498, 501, 502, 503, 504, 506, 507, 508, 509, 511, 521, 522, 523, 524, 525, 526, 527, 528, 529, 560, 562, 563, 566, 571, 574, 575, 578, 579, 580, 581, 582, 583, 586, 595, 596, 597, 599, 601, 605, 610, 611, 612, 613, 614, 615, 616, 617, 618, 647, 649, 650, 651, 655, 656, 659, 660, 662, 664, 666, 667, 668, 669, 670, 671, 700, 702, 705, 711, 713, 714, 715, 716, 719, 725, 726, 728, 730, 734, 735, 736, 737, 757, 758, 760, 770, 771, 772, 796, 797, 803, 804, 809, 810, 812, 814, 818, 819, 820, 821, 822, 823, 847, 849, 855, 856, 862, 864, 865, 866, 873, 874, 876, 877, 878, 880, 881, 883, 885, 888, 894, 895, 896, 897, 898, 925, 926, 929, 935, 941, 947, 950, 952, 965, 966, 967], "excluded_lines": []}}}, "api/auth_enhanced.py": {"executed_lines": [], "summary": {"covered_lines": 0, "num_statements": 69, "percent_covered": 0.0, "percent_covered_display": "0", "missing_lines": 69, "excluded_lines": 0}, "missing_lines": [5, 6, 7, 8, 9, 10, 13, 14, 15, 16, 24, 25, 29, 31, 32, 33, 36, 38, 39, 44, 45, 73, 75, 77, 78, 84, 85, 86, 90, 97, 99, 100, 104, 110, 111, 112, 113, 114, 120, 121, 122, 123, 128, 132, 133, 134, 140, 145, 147, 148, 149, 150, 154, 157, 163, 164, 168, 170, 172, 178, 180, 182, 184, 185, 186, 191, 193, 194, 195], "excluded_lines": [], "functions": {"save_api_key": {"executed_lines": [], "summary": {"covered_lines": 0, "num_statements": 48, "percent_covered": 0.0, "percent_covered_display": "0", "missing_lines": 48, "excluded_lines": 0}, "missing_lines": [73, 75, 77, 78, 84, 85, 86, 90, 97, 99, 100, 104, 110, 111, 112, 113, 114, 120, 121, 122, 123, 128, 132, 133, 134, 140, 145, 147, 148, 149, 150, 154, 157, 163, 164, 168, 170, 172, 178, 180, 182, 184, 185, 186, 191, 193, 194, 195], "excluded_lines": []}, "": {"executed_lines": [], "summary": {"covered_lines": 0, "num_statements": 21, "percent_covered": 0.0, "percent_covered_display": "0", "missing_lines": 21, "excluded_lines": 0}, "missing_lines": [5, 6, 7, 8, 9, 10, 13, 14, 15, 16, 24, 25, 29, 31, 32, 33, 36, 38, 39, 44, 45], "excluded_lines": []}}, "classes": {"SaveApiKeyRequest": {"executed_lines": [], "summary": {"covered_lines": 0, "num_statements": 0, "percent_covered": 100.0, "percent_covered_display": "100", "missing_lines": 0, "excluded_lines": 0}, "missing_lines": [], "excluded_lines": []}, "StandardResponse": {"executed_lines": [], "summary": {"covered_lines": 0, "num_statements": 0, "percent_covered": 100.0, "percent_covered_display": "100", "missing_lines": 0, "excluded_lines": 0}, "missing_lines": [], "excluded_lines": []}, "": {"executed_lines": [], "summary": {"covered_lines": 0, "num_statements": 69, "percent_covered": 0.0, "percent_covered_display": "0", "missing_lines": 69, "excluded_lines": 0}, "missing_lines": [5, 6, 7, 8, 9, 10, 13, 14, 15, 16, 24, 25, 29, 31, 32, 33, 36, 38, 39, 44, 45, 73, 75, 77, 78, 84, 85, 86, 90, 97, 99, 100, 104, 110, 111, 112, 113, 114, 120, 121, 122, 123, 128, 132, 133, 134, 140, 145, 147, 148, 149, 150, 154, 157, 163, 164, 168, 170, 172, 178, 180, 182, 184, 185, 186, 191, 193, 194, 195], "excluded_lines": []}}}, "api/auth_phase3.py": {"executed_lines": [1, 4, 5, 6, 7, 8, 9, 10, 11, 13, 14, 15, 16, 18, 21, 22, 25, 28, 29, 31, 34, 35, 37, 40, 41, 43, 44, 45, 47, 53, 60, 61, 63, 64, 65, 68, 73, 117, 118, 196, 197, 256, 257, 328, 329, 397, 398, 496, 497, 530], "summary": {"covered_lines": 45, "num_statements": 195, "percent_covered": 23.076923076923077, "percent_covered_display": "23", "missing_lines": 150, "excluded_lines": 0}, "missing_lines": [49, 50, 51, 55, 56, 57, 70, 85, 88, 93, 94, 97, 98, 99, 100, 101, 104, 105, 108, 114, 137, 139, 140, 143, 144, 150, 152, 158, 159, 164, 165, 168, 169, 170, 171, 173, 174, 177, 179, 181, 185, 186, 187, 188, 189, 190, 208, 210, 212, 213, 214, 220, 221, 222, 228, 229, 230, 231, 233, 234, 237, 239, 241, 245, 246, 247, 248, 249, 250, 271, 273, 276, 277, 278, 284, 285, 291, 294, 300, 301, 302, 303, 305, 306, 309, 311, 313, 317, 318, 319, 320, 321, 322, 343, 345, 346, 347, 350, 359, 360, 361, 364, 365, 368, 372, 374, 388, 389, 390, 391, 416, 418, 419, 425, 426, 427, 428, 429, 432, 436, 437, 442, 443, 444, 445, 446, 447, 450, 451, 452, 454, 455, 458, 461, 462, 465, 469, 471, 485, 486, 487, 488, 489, 490, 507, 515, 523, 543, 544, 548], "excluded_lines": [], "functions": {"ConvertGuestRequest.validate_password": {"executed_lines": [], "summary": {"covered_lines": 0, "num_statements": 3, "percent_covered": 0.0, "percent_covered_display": "0", "missing_lines": 3, "excluded_lines": 0}, "missing_lines": [49, 50, 51], "excluded_lines": []}, "ConvertGuestRequest.validate_full_name": {"executed_lines": [], "summary": {"covered_lines": 0, "num_statements": 3, "percent_covered": 0.0, "percent_covered_display": "0", "missing_lines": 3, "excluded_lines": 0}, "missing_lines": [55, 56, 57], "excluded_lines": []}, "generate_verification_token": {"executed_lines": [], "summary": {"covered_lines": 0, "num_statements": 1, "percent_covered": 0.0, "percent_covered_display": "0", "missing_lines": 1, "excluded_lines": 0}, "missing_lines": [70], "excluded_lines": []}, "check_rate_limit": {"executed_lines": [], "summary": {"covered_lines": 0, "num_statements": 13, "percent_covered": 0.0, "percent_covered_display": "0", "missing_lines": 13, "excluded_lines": 0}, "missing_lines": [85, 88, 93, 94, 97, 98, 99, 100, 101, 104, 105, 108, 114], "excluded_lines": []}, "send_verification": {"executed_lines": [], "summary": {"covered_lines": 0, "num_statements": 26, "percent_covered": 0.0, "percent_covered_display": "0", "missing_lines": 26, "excluded_lines": 0}, "missing_lines": [137, 139, 140, 143, 144, 150, 152, 158, 159, 164, 165, 168, 169, 170, 171, 173, 174, 177, 179, 181, 185, 186, 187, 188, 189, 190], "excluded_lines": []}, "verify_email": {"executed_lines": [], "summary": {"covered_lines": 0, "num_statements": 23, "percent_covered": 0.0, "percent_covered_display": "0", "missing_lines": 23, "excluded_lines": 0}, "missing_lines": [208, 210, 212, 213, 214, 220, 221, 222, 228, 229, 230, 231, 233, 234, 237, 239, 241, 245, 246, 247, 248, 249, 250], "excluded_lines": []}, "resend_verification": {"executed_lines": [], "summary": {"covered_lines": 0, "num_statements": 24, "percent_covered": 0.0, "percent_covered_display": "0", "missing_lines": 24, "excluded_lines": 0}, "missing_lines": [271, 273, 276, 277, 278, 284, 285, 291, 294, 300, 301, 302, 303, 305, 306, 309, 311, 313, 317, 318, 319, 320, 321, 322], "excluded_lines": []}, "create_guest_account": {"executed_lines": [], "summary": {"covered_lines": 0, "num_statements": 17, "percent_covered": 0.0, "percent_covered_display": "0", "missing_lines": 17, "excluded_lines": 0}, "missing_lines": [343, 345, 346, 347, 350, 359, 360, 361, 364, 365, 368, 372, 374, 388, 389, 390, 391], "excluded_lines": []}, "convert_guest_to_user": {"executed_lines": [], "summary": {"covered_lines": 0, "num_statements": 34, "percent_covered": 0.0, "percent_covered_display": "0", "missing_lines": 34, "excluded_lines": 0}, "missing_lines": [416, 418, 419, 425, 426, 427, 428, 429, 432, 436, 437, 442, 443, 444, 445, 446, 447, 450, 451, 452, 454, 455, 458, 461, 462, 465, 469, 471, 485, 486, 487, 488, 489, 490], "excluded_lines": []}, "get_guest_limitations": {"executed_lines": [], "summary": {"covered_lines": 0, "num_statements": 3, "percent_covered": 0.0, "percent_covered_display": "0", "missing_lines": 3, "excluded_lines": 0}, "missing_lines": [507, 515, 523], "excluded_lines": []}, "require_full_user": {"executed_lines": [], "summary": {"covered_lines": 0, "num_statements": 3, "percent_covered": 0.0, "percent_covered_display": "0", "missing_lines": 3, "excluded_lines": 0}, "missing_lines": [543, 544, 548], "excluded_lines": []}, "": {"executed_lines": [1, 4, 5, 6, 7, 8, 9, 10, 11, 13, 14, 15, 16, 18, 21, 22, 25, 28, 29, 31, 34, 35, 37, 40, 41, 43, 44, 45, 47, 53, 60, 61, 63, 64, 65, 68, 73, 117, 118, 196, 197, 256, 257, 328, 329, 397, 398, 496, 497, 530], "summary": {"covered_lines": 45, "num_statements": 45, "percent_covered": 100.0, "percent_covered_display": "100", "missing_lines": 0, "excluded_lines": 0}, "missing_lines": [], "excluded_lines": []}}, "classes": {"SendVerificationRequest": {"executed_lines": [], "summary": {"covered_lines": 0, "num_statements": 0, "percent_covered": 100.0, "percent_covered_display": "100", "missing_lines": 0, "excluded_lines": 0}, "missing_lines": [], "excluded_lines": []}, "ResendVerificationRequest": {"executed_lines": [], "summary": {"covered_lines": 0, "num_statements": 0, "percent_covered": 100.0, "percent_covered_display": "100", "missing_lines": 0, "excluded_lines": 0}, "missing_lines": [], "excluded_lines": []}, "ConvertGuestRequest": {"executed_lines": [], "summary": {"covered_lines": 0, "num_statements": 6, "percent_covered": 0.0, "percent_covered_display": "0", "missing_lines": 6, "excluded_lines": 0}, "missing_lines": [49, 50, 51, 55, 56, 57], "excluded_lines": []}, "GuestLimitations": {"executed_lines": [], "summary": {"covered_lines": 0, "num_statements": 0, "percent_covered": 100.0, "percent_covered_display": "100", "missing_lines": 0, "excluded_lines": 0}, "missing_lines": [], "excluded_lines": []}, "": {"executed_lines": [1, 4, 5, 6, 7, 8, 9, 10, 11, 13, 14, 15, 16, 18, 21, 22, 25, 28, 29, 31, 34, 35, 37, 40, 41, 43, 44, 45, 47, 53, 60, 61, 63, 64, 65, 68, 73, 117, 118, 196, 197, 256, 257, 328, 329, 397, 398, 496, 497, 530], "summary": {"covered_lines": 45, "num_statements": 189, "percent_covered": 23.80952380952381, "percent_covered_display": "24", "missing_lines": 144, "excluded_lines": 0}, "missing_lines": [70, 85, 88, 93, 94, 97, 98, 99, 100, 101, 104, 105, 108, 114, 137, 139, 140, 143, 144, 150, 152, 158, 159, 164, 165, 168, 169, 170, 171, 173, 174, 177, 179, 181, 185, 186, 187, 188, 189, 190, 208, 210, 212, 213, 214, 220, 221, 222, 228, 229, 230, 231, 233, 234, 237, 239, 241, 245, 246, 247, 248, 249, 250, 271, 273, 276, 277, 278, 284, 285, 291, 294, 300, 301, 302, 303, 305, 306, 309, 311, 313, 317, 318, 319, 320, 321, 322, 343, 345, 346, 347, 350, 359, 360, 361, 364, 365, 368, 372, 374, 388, 389, 390, 391, 416, 418, 419, 425, 426, 427, 428, 429, 432, 436, 437, 442, 443, 444, 445, 446, 447, 450, 451, 452, 454, 455, 458, 461, 462, 465, 469, 471, 485, 486, 487, 488, 489, 490, 507, 515, 523, 543, 544, 548], "excluded_lines": []}}}, "api/auth_phase4.py": {"executed_lines": [1, 4, 5, 6, 7, 8, 9, 10, 12, 13, 14, 15, 16, 18, 19, 23, 24, 26, 29, 30, 32, 33, 35, 36, 37, 44, 45, 47, 48, 49, 52, 53, 55, 56, 59, 64, 95, 96, 180, 181, 211, 212, 325, 326], "summary": {"covered_lines": 39, "num_statements": 123, "percent_covered": 31.70731707317073, "percent_covered_display": "32", "missing_lines": 84, "excluded_lines": 0}, "missing_lines": [39, 40, 41, 61, 72, 76, 77, 106, 108, 111, 112, 115, 116, 122, 126, 128, 130, 133, 134, 136, 139, 142, 150, 152, 155, 161, 164, 169, 170, 171, 172, 173, 174, 188, 190, 192, 193, 196, 197, 201, 203, 204, 205, 221, 223, 224, 227, 229, 231, 239, 244, 246, 255, 261, 262, 265, 266, 269, 272, 273, 276, 277, 280, 282, 283, 284, 286, 289, 298, 307, 309, 314, 315, 316, 317, 318, 319, 334, 335, 337, 339, 341, 342, 343], "excluded_lines": [], "functions": {"ResetPasswordRequest.validate_new_password": {"executed_lines": [], "summary": {"covered_lines": 0, "num_statements": 3, "percent_covered": 0.0, "percent_covered_display": "0", "missing_lines": 3, "excluded_lines": 0}, "missing_lines": [39, 40, 41], "excluded_lines": []}, "generate_reset_token": {"executed_lines": [], "summary": {"covered_lines": 0, "num_statements": 1, "percent_covered": 0.0, "percent_covered_display": "0", "missing_lines": 1, "excluded_lines": 0}, "missing_lines": [61], "excluded_lines": []}, "send_password_reset_email": {"executed_lines": [], "summary": {"covered_lines": 0, "num_statements": 3, "percent_covered": 0.0, "percent_covered_display": "0", "missing_lines": 3, "excluded_lines": 0}, "missing_lines": [72, 76, 77], "excluded_lines": []}, "forgot_password": {"executed_lines": [], "summary": {"covered_lines": 0, "num_statements": 26, "percent_covered": 0.0, "percent_covered_display": "0", "missing_lines": 26, "excluded_lines": 0}, "missing_lines": [106, 108, 111, 112, 115, 116, 122, 126, 128, 130, 133, 134, 136, 139, 142, 150, 152, 155, 161, 164, 169, 170, 171, 172, 173, 174], "excluded_lines": []}, "validate_reset_token": {"executed_lines": [], "summary": {"covered_lines": 0, "num_statements": 10, "percent_covered": 0.0, "percent_covered_display": "0", "missing_lines": 10, "excluded_lines": 0}, "missing_lines": [188, 190, 192, 193, 196, 197, 201, 203, 204, 205], "excluded_lines": []}, "reset_password": {"executed_lines": [], "summary": {"covered_lines": 0, "num_statements": 34, "percent_covered": 0.0, "percent_covered_display": "0", "missing_lines": 34, "excluded_lines": 0}, "missing_lines": [221, 223, 224, 227, 229, 231, 239, 244, 246, 255, 261, 262, 265, 266, 269, 272, 273, 276, 277, 280, 282, 283, 284, 286, 289, 298, 307, 309, 314, 315, 316, 317, 318, 319], "excluded_lines": []}, "check_password_strength": {"executed_lines": [], "summary": {"covered_lines": 0, "num_statements": 7, "percent_covered": 0.0, "percent_covered_display": "0", "missing_lines": 7, "excluded_lines": 0}, "missing_lines": [334, 335, 337, 339, 341, 342, 343], "excluded_lines": []}, "": {"executed_lines": [1, 4, 5, 6, 7, 8, 9, 10, 12, 13, 14, 15, 16, 18, 19, 23, 24, 26, 29, 30, 32, 33, 35, 36, 37, 44, 45, 47, 48, 49, 52, 53, 55, 56, 59, 64, 95, 96, 180, 181, 211, 212, 325, 326], "summary": {"covered_lines": 39, "num_statements": 39, "percent_covered": 100.0, "percent_covered_display": "100", "missing_lines": 0, "excluded_lines": 0}, "missing_lines": [], "excluded_lines": []}}, "classes": {"ForgotPasswordRequest": {"executed_lines": [], "summary": {"covered_lines": 0, "num_statements": 0, "percent_covered": 100.0, "percent_covered_display": "100", "missing_lines": 0, "excluded_lines": 0}, "missing_lines": [], "excluded_lines": []}, "ResetPasswordRequest": {"executed_lines": [], "summary": {"covered_lines": 0, "num_statements": 3, "percent_covered": 0.0, "percent_covered_display": "0", "missing_lines": 3, "excluded_lines": 0}, "missing_lines": [39, 40, 41], "excluded_lines": []}, "ValidateTokenResponse": {"executed_lines": [], "summary": {"covered_lines": 0, "num_statements": 0, "percent_covered": 100.0, "percent_covered_display": "100", "missing_lines": 0, "excluded_lines": 0}, "missing_lines": [], "excluded_lines": []}, "StandardResponse": {"executed_lines": [], "summary": {"covered_lines": 0, "num_statements": 0, "percent_covered": 100.0, "percent_covered_display": "100", "missing_lines": 0, "excluded_lines": 0}, "missing_lines": [], "excluded_lines": []}, "": {"executed_lines": [1, 4, 5, 6, 7, 8, 9, 10, 12, 13, 14, 15, 16, 18, 19, 23, 24, 26, 29, 30, 32, 33, 35, 36, 37, 44, 45, 47, 48, 49, 52, 53, 55, 56, 59, 64, 95, 96, 180, 181, 211, 212, 325, 326], "summary": {"covered_lines": 39, "num_statements": 120, "percent_covered": 32.5, "percent_covered_display": "32", "missing_lines": 81, "excluded_lines": 0}, "missing_lines": [61, 72, 76, 77, 106, 108, 111, 112, 115, 116, 122, 126, 128, 130, 133, 134, 136, 139, 142, 150, 152, 155, 161, 164, 169, 170, 171, 172, 173, 174, 188, 190, 192, 193, 196, 197, 201, 203, 204, 205, 221, 223, 224, 227, 229, 231, 239, 244, 246, 255, 261, 262, 265, 266, 269, 272, 273, 276, 277, 280, 282, 283, 284, 286, 289, 298, 307, 309, 314, 315, 316, 317, 318, 319, 334, 335, 337, 339, 341, 342, 343], "excluded_lines": []}}}, "api/billing.py": {"executed_lines": [1, 13, 14, 15, 16, 17, 18, 20, 21, 22, 24, 32, 44, 45, 46, 49, 50, 53, 61, 62, 63, 64, 67, 68, 69, 72, 73, 74, 75, 76, 77, 78, 79, 82, 83, 84, 92, 93, 103, 105, 106, 107, 110, 116, 117, 120, 121, 122, 131, 133, 134, 135, 147, 148, 162, 164, 165, 172, 178, 179, 184, 190, 191, 193, 194, 217, 218, 232, 233, 234, 241, 242, 248, 249, 259, 264, 270, 271, 272, 276, 282, 283, 284, 290, 291, 305, 306, 307, 314, 316, 321, 322, 324, 325, 329, 333, 339, 340, 341], "summary": {"covered_lines": 94, "num_statements": 115, "percent_covered": 81.73913043478261, "percent_covered_display": "82", "missing_lines": 21, "excluded_lines": 0}, "missing_lines": [51, 139, 140, 141, 166, 199, 203, 204, 205, 209, 210, 211, 235, 253, 255, 256, 277, 278, 308, 334, 335], "excluded_lines": [], "functions": {"get_user_stripe_customer_id": {"executed_lines": [44, 45, 46, 49, 50, 53], "summary": {"covered_lines": 6, "num_statements": 7, "percent_covered": 85.71428571428571, "percent_covered_display": "86", "missing_lines": 1, "excluded_lines": 0}, "missing_lines": [51], "excluded_lines": []}, "get_payment_methods": {"executed_lines": [103, 105, 106, 107, 110, 116, 117, 120, 121, 122, 131, 133, 134, 135], "summary": {"covered_lines": 14, "num_statements": 17, "percent_covered": 82.3529411764706, "percent_covered_display": "82", "missing_lines": 3, "excluded_lines": 0}, "missing_lines": [139, 140, 141], "excluded_lines": []}, "add_payment_method": {"executed_lines": [162, 164, 165, 172, 178, 179, 184, 190, 191, 193, 194], "summary": {"covered_lines": 11, "num_statements": 19, "percent_covered": 57.89473684210526, "percent_covered_display": "58", "missing_lines": 8, "excluded_lines": 0}, "missing_lines": [166, 199, 203, 204, 205, 209, 210, 211], "excluded_lines": []}, "set_default_payment_method": {"executed_lines": [232, 233, 234, 241, 242, 248, 249, 259, 264, 270, 271, 272, 276, 282, 283, 284], "summary": {"covered_lines": 16, "num_statements": 22, "percent_covered": 72.72727272727273, "percent_covered_display": "73", "missing_lines": 6, "excluded_lines": 0}, "missing_lines": [235, 253, 255, 256, 277, 278], "excluded_lines": []}, "remove_payment_method": {"executed_lines": [305, 306, 307, 314, 316, 321, 322, 324, 325, 329, 333, 339, 340, 341], "summary": {"covered_lines": 14, "num_statements": 17, "percent_covered": 82.3529411764706, "percent_covered_display": "82", "missing_lines": 3, "excluded_lines": 0}, "missing_lines": [308, 334, 335], "excluded_lines": []}, "": {"executed_lines": [1, 13, 14, 15, 16, 17, 18, 20, 21, 22, 24, 32, 61, 62, 63, 64, 67, 68, 69, 72, 73, 74, 75, 76, 77, 78, 79, 82, 83, 84, 92, 93, 147, 148, 217, 218, 290, 291], "summary": {"covered_lines": 33, "num_statements": 33, "percent_covered": 100.0, "percent_covered_display": "100", "missing_lines": 0, "excluded_lines": 0}, "missing_lines": [], "excluded_lines": []}}, "classes": {"PaymentMethodAdd": {"executed_lines": [], "summary": {"covered_lines": 0, "num_statements": 0, "percent_covered": 100.0, "percent_covered_display": "100", "missing_lines": 0, "excluded_lines": 0}, "missing_lines": [], "excluded_lines": []}, "PaymentMethodSetDefault": {"executed_lines": [], "summary": {"covered_lines": 0, "num_statements": 0, "percent_covered": 100.0, "percent_covered_display": "100", "missing_lines": 0, "excluded_lines": 0}, "missing_lines": [], "excluded_lines": []}, "PaymentMethodResponse": {"executed_lines": [], "summary": {"covered_lines": 0, "num_statements": 0, "percent_covered": 100.0, "percent_covered_display": "100", "missing_lines": 0, "excluded_lines": 0}, "missing_lines": [], "excluded_lines": []}, "PaymentMethodsListResponse": {"executed_lines": [], "summary": {"covered_lines": 0, "num_statements": 0, "percent_covered": 100.0, "percent_covered_display": "100", "missing_lines": 0, "excluded_lines": 0}, "missing_lines": [], "excluded_lines": []}, "": {"executed_lines": [1, 13, 14, 15, 16, 17, 18, 20, 21, 22, 24, 32, 44, 45, 46, 49, 50, 53, 61, 62, 63, 64, 67, 68, 69, 72, 73, 74, 75, 76, 77, 78, 79, 82, 83, 84, 92, 93, 103, 105, 106, 107, 110, 116, 117, 120, 121, 122, 131, 133, 134, 135, 147, 148, 162, 164, 165, 172, 178, 179, 184, 190, 191, 193, 194, 217, 218, 232, 233, 234, 241, 242, 248, 249, 259, 264, 270, 271, 272, 276, 282, 283, 284, 290, 291, 305, 306, 307, 314, 316, 321, 322, 324, 325, 329, 333, 339, 340, 341], "summary": {"covered_lines": 94, "num_statements": 115, "percent_covered": 81.73913043478261, "percent_covered_display": "82", "missing_lines": 21, "excluded_lines": 0}, "missing_lines": [51, 139, 140, 141, 166, 199, 203, 204, 205, 209, 210, 211, 235, 253, 255, 256, 277, 278, 308, 334, 335], "excluded_lines": []}}}, "api/health.py": {"executed_lines": [1, 7, 8, 9, 10, 11, 12, 13, 14, 16, 17, 20, 21, 22, 23, 25, 28, 29, 31, 32, 76, 77, 125, 126, 160, 161, 221, 222, 249, 250, 272, 273, 373, 374, 402, 403, 463, 464, 484, 485, 567, 607, 652, 684, 685, 728, 729], "summary": {"covered_lines": 45, "num_statements": 256, "percent_covered": 17.578125, "percent_covered_display": "18", "missing_lines": 211, "excluded_lines": 0}, "missing_lines": [39, 41, 43, 44, 51, 52, 53, 54, 55, 56, 62, 68, 69, 70, 84, 85, 87, 88, 95, 96, 98, 99, 100, 101, 102, 103, 105, 107, 117, 118, 119, 133, 135, 136, 142, 143, 148, 149, 154, 169, 170, 175, 176, 179, 180, 186, 187, 193, 194, 195, 196, 198, 199, 200, 201, 202, 204, 213, 214, 215, 229, 231, 232, 238, 239, 244, 257, 259, 260, 265, 267, 292, 300, 301, 304, 305, 307, 308, 309, 310, 311, 312, 313, 316, 317, 319, 320, 322, 323, 326, 327, 329, 330, 333, 334, 336, 337, 338, 339, 340, 343, 344, 346, 347, 350, 351, 352, 353, 354, 357, 364, 365, 366, 367, 368, 370, 386, 387, 389, 394, 395, 396, 415, 416, 419, 420, 421, 423, 432, 433, 434, 435, 436, 437, 438, 439, 440, 442, 443, 445, 454, 455, 456, 470, 471, 472, 476, 477, 478, 492, 494, 512, 514, 527, 541, 543, 552, 559, 560, 561, 577, 579, 580, 581, 583, 585, 586, 589, 590, 593, 594, 598, 599, 600, 604, 618, 620, 622, 623, 626, 627, 632, 633, 634, 635, 640, 641, 642, 646, 647, 649, 663, 665, 666, 671, 672, 673, 674, 678, 679, 681, 696, 698, 701, 702, 704, 705, 713, 718, 719, 736], "excluded_lines": [], "functions": {"HealthCheckService.check_database": {"executed_lines": [], "summary": {"covered_lines": 0, "num_statements": 14, "percent_covered": 0.0, "percent_covered_display": "0", "missing_lines": 14, "excluded_lines": 0}, "missing_lines": [39, 41, 43, 44, 51, 52, 53, 54, 55, 56, 62, 68, 69, 70], "excluded_lines": []}, "HealthCheckService.check_redis": {"executed_lines": [], "summary": {"covered_lines": 0, "num_statements": 17, "percent_covered": 0.0, "percent_covered_display": "0", "missing_lines": 17, "excluded_lines": 0}, "missing_lines": [84, 85, 87, 88, 95, 96, 98, 99, 100, 101, 102, 103, 105, 107, 117, 118, 119], "excluded_lines": []}, "HealthCheckService.check_openai_config": {"executed_lines": [], "summary": {"covered_lines": 0, "num_statements": 8, "percent_covered": 0.0, "percent_covered_display": "0", "missing_lines": 8, "excluded_lines": 0}, "missing_lines": [133, 135, 136, 142, 143, 148, 149, 154], "excluded_lines": []}, "HealthCheckService.check_storage": {"executed_lines": [], "summary": {"covered_lines": 0, "num_statements": 21, "percent_covered": 0.0, "percent_covered_display": "0", "missing_lines": 21, "excluded_lines": 0}, "missing_lines": [169, 170, 175, 176, 179, 180, 186, 187, 193, 194, 195, 196, 198, 199, 200, 201, 202, 204, 213, 214, 215], "excluded_lines": []}, "HealthCheckService.check_encryption": {"executed_lines": [], "summary": {"covered_lines": 0, "num_statements": 6, "percent_covered": 0.0, "percent_covered_display": "0", "missing_lines": 6, "excluded_lines": 0}, "missing_lines": [229, 231, 232, 238, 239, 244], "excluded_lines": []}, "HealthCheckService.get_system_metrics": {"executed_lines": [], "summary": {"covered_lines": 0, "num_statements": 5, "percent_covered": 0.0, "percent_covered_display": "0", "missing_lines": 5, "excluded_lines": 0}, "missing_lines": [257, 259, 260, 265, 267], "excluded_lines": []}, "health_check_detailed": {"executed_lines": [], "summary": {"covered_lines": 0, "num_statements": 45, "percent_covered": 0.0, "percent_covered_display": "0", "missing_lines": 45, "excluded_lines": 0}, "missing_lines": [292, 300, 301, 304, 305, 307, 308, 309, 310, 311, 312, 313, 316, 317, 319, 320, 322, 323, 326, 327, 329, 330, 333, 334, 336, 337, 338, 339, 340, 343, 344, 346, 347, 350, 351, 352, 353, 354, 357, 364, 365, 366, 367, 368, 370], "excluded_lines": []}, "get_cache_stats": {"executed_lines": [], "summary": {"covered_lines": 0, "num_statements": 6, "percent_covered": 0.0, "percent_covered_display": "0", "missing_lines": 6, "excluded_lines": 0}, "missing_lines": [386, 387, 389, 394, 395, 396], "excluded_lines": []}, "get_query_stats": {"executed_lines": [], "summary": {"covered_lines": 0, "num_statements": 21, "percent_covered": 0.0, "percent_covered_display": "0", "missing_lines": 21, "excluded_lines": 0}, "missing_lines": [415, 416, 419, 420, 421, 423, 432, 433, 434, 435, 436, 437, 438, 439, 440, 442, 443, 445, 454, 455, 456], "excluded_lines": []}, "reset_query_stats": {"executed_lines": [], "summary": {"covered_lines": 0, "num_statements": 6, "percent_covered": 0.0, "percent_covered_display": "0", "missing_lines": 6, "excluded_lines": 0}, "missing_lines": [470, 471, 472, 476, 477, 478], "excluded_lines": []}, "get_index_usage": {"executed_lines": [], "summary": {"covered_lines": 0, "num_statements": 11, "percent_covered": 0.0, "percent_covered_display": "0", "missing_lines": 11, "excluded_lines": 0}, "missing_lines": [492, 494, 512, 514, 527, 541, 543, 552, 559, 560, 561], "excluded_lines": []}, "_get_cache_recommendations": {"executed_lines": [], "summary": {"covered_lines": 0, "num_statements": 15, "percent_covered": 0.0, "percent_covered_display": "0", "missing_lines": 15, "excluded_lines": 0}, "missing_lines": [577, 579, 580, 581, 583, 585, 586, 589, 590, 593, 594, 598, 599, 600, 604], "excluded_lines": []}, "_get_query_recommendations": {"executed_lines": [], "summary": {"covered_lines": 0, "num_statements": 16, "percent_covered": 0.0, "percent_covered_display": "0", "missing_lines": 16, "excluded_lines": 0}, "missing_lines": [618, 620, 622, 623, 626, 627, 632, 633, 634, 635, 640, 641, 642, 646, 647, 649], "excluded_lines": []}, "_get_index_recommendations": {"executed_lines": [], "summary": {"covered_lines": 0, "num_statements": 10, "percent_covered": 0.0, "percent_covered_display": "0", "missing_lines": 10, "excluded_lines": 0}, "missing_lines": [663, 665, 666, 671, 672, 673, 674, 678, 679, 681], "excluded_lines": []}, "readiness_check": {"executed_lines": [], "summary": {"covered_lines": 0, "num_statements": 9, "percent_covered": 0.0, "percent_covered_display": "0", "missing_lines": 9, "excluded_lines": 0}, "missing_lines": [696, 698, 701, 702, 704, 705, 713, 718, 719], "excluded_lines": []}, "liveness_check": {"executed_lines": [], "summary": {"covered_lines": 0, "num_statements": 1, "percent_covered": 0.0, "percent_covered_display": "0", "missing_lines": 1, "excluded_lines": 0}, "missing_lines": [736], "excluded_lines": []}, "": {"executed_lines": [1, 7, 8, 9, 10, 11, 12, 13, 14, 16, 17, 20, 21, 22, 23, 25, 28, 29, 31, 32, 76, 77, 125, 126, 160, 161, 221, 222, 249, 250, 272, 273, 373, 374, 402, 403, 463, 464, 484, 485, 567, 607, 652, 684, 685, 728, 729], "summary": {"covered_lines": 45, "num_statements": 45, "percent_covered": 100.0, "percent_covered_display": "100", "missing_lines": 0, "excluded_lines": 0}, "missing_lines": [], "excluded_lines": []}}, "classes": {"HealthCheckService": {"executed_lines": [], "summary": {"covered_lines": 0, "num_statements": 71, "percent_covered": 0.0, "percent_covered_display": "0", "missing_lines": 71, "excluded_lines": 0}, "missing_lines": [39, 41, 43, 44, 51, 52, 53, 54, 55, 56, 62, 68, 69, 70, 84, 85, 87, 88, 95, 96, 98, 99, 100, 101, 102, 103, 105, 107, 117, 118, 119, 133, 135, 136, 142, 143, 148, 149, 154, 169, 170, 175, 176, 179, 180, 186, 187, 193, 194, 195, 196, 198, 199, 200, 201, 202, 204, 213, 214, 215, 229, 231, 232, 238, 239, 244, 257, 259, 260, 265, 267], "excluded_lines": []}, "": {"executed_lines": [1, 7, 8, 9, 10, 11, 12, 13, 14, 16, 17, 20, 21, 22, 23, 25, 28, 29, 31, 32, 76, 77, 125, 126, 160, 161, 221, 222, 249, 250, 272, 273, 373, 374, 402, 403, 463, 464, 484, 485, 567, 607, 652, 684, 685, 728, 729], "summary": {"covered_lines": 45, "num_statements": 185, "percent_covered": 24.324324324324323, "percent_covered_display": "24", "missing_lines": 140, "excluded_lines": 0}, "missing_lines": [292, 300, 301, 304, 305, 307, 308, 309, 310, 311, 312, 313, 316, 317, 319, 320, 322, 323, 326, 327, 329, 330, 333, 334, 336, 337, 338, 339, 340, 343, 344, 346, 347, 350, 351, 352, 353, 354, 357, 364, 365, 366, 367, 368, 370, 386, 387, 389, 394, 395, 396, 415, 416, 419, 420, 421, 423, 432, 433, 434, 435, 436, 437, 438, 439, 440, 442, 443, 445, 454, 455, 456, 470, 471, 472, 476, 477, 478, 492, 494, 512, 514, 527, 541, 543, 552, 559, 560, 561, 577, 579, 580, 581, 583, 585, 586, 589, 590, 593, 594, 598, 599, 600, 604, 618, 620, 622, 623, 626, 627, 632, 633, 634, 635, 640, 641, 642, 646, 647, 649, 663, 665, 666, 671, 672, 673, 674, 678, 679, 681, 696, 698, 701, 702, 704, 705, 713, 718, 719, 736], "excluded_lines": []}}}, "api/instagram_images.py": {"executed_lines": [1, 14, 15, 16, 17, 19, 20, 21, 29, 32, 35, 36, 151, 152, 247, 248, 325, 326, 418, 419, 458, 459], "summary": {"covered_lines": 21, "num_statements": 138, "percent_covered": 15.217391304347826, "percent_covered_display": "15", "missing_lines": 117, "excluded_lines": 0}, "missing_lines": [59, 61, 66, 67, 73, 75, 77, 79, 81, 83, 84, 85, 87, 90, 91, 92, 101, 111, 112, 115, 127, 132, 141, 142, 143, 144, 145, 172, 174, 179, 180, 186, 188, 189, 190, 191, 192, 194, 196, 197, 206, 212, 214, 215, 221, 237, 238, 239, 240, 241, 261, 263, 268, 269, 272, 277, 278, 284, 285, 286, 287, 288, 289, 290, 292, 315, 316, 317, 318, 319, 345, 347, 352, 353, 356, 357, 358, 367, 369, 370, 373, 382, 383, 385, 397, 399, 408, 409, 410, 411, 412, 435, 436, 438, 439, 441, 450, 451, 452, 472, 474, 479, 480, 483, 488, 489, 492, 495, 497, 499, 501, 506, 507, 508, 509, 510, 511], "excluded_lines": [], "functions": {"generate_instagram_image": {"executed_lines": [], "summary": {"covered_lines": 0, "num_statements": 27, "percent_covered": 0.0, "percent_covered_display": "0", "missing_lines": 27, "excluded_lines": 0}, "missing_lines": [59, 61, 66, 67, 73, 75, 77, 79, 81, 83, 84, 85, 87, 90, 91, 92, 101, 111, 112, 115, 127, 132, 141, 142, 143, 144, 145], "excluded_lines": []}, "get_image_generation_status": {"executed_lines": [], "summary": {"covered_lines": 0, "num_statements": 23, "percent_covered": 0.0, "percent_covered_display": "0", "missing_lines": 23, "excluded_lines": 0}, "missing_lines": [172, 174, 179, 180, 186, 188, 189, 190, 191, 192, 194, 196, 197, 2
[...]
50, 258, 261, 267, 268, 274, 275, 276, 279, 281, 282, 283, 284, 286, 287, 289, 290, 291, 310, 311, 314, 324, 332, 335, 341, 342, 348, 349, 350, 352, 354, 365, 366, 367, 382, 384, 385, 387, 388, 391, 392, 394, 395, 397, 399, 400, 401], "excluded_lines": []}}}, "utils/twitter_oauth_consolidated.py": {"executed_lines": [], "summary": {"covered_lines": 0, "num_statements": 108, "percent_covered": 0.0, "percent_covered_display": "0", "missing_lines": 108, "excluded_lines": 0}, "missing_lines": [34, 35, 36, 37, 39, 42, 43, 46, 54, 62, 63, 64, 65, 67, 74, 82, 92, 93, 95, 100, 101, 103, 122, 123, 126, 127, 128, 129, 130, 132, 133, 134, 136, 137, 138, 145, 146, 147, 150, 151, 152, 153, 154, 156, 157, 158, 160, 161, 162, 169, 170, 171, 174, 175, 176, 179, 180, 184, 193, 194, 201, 203, 205, 207, 214, 215, 221, 230, 232, 233, 235, 237, 244, 254, 255, 260, 277, 279, 280, 282, 284, 293, 308, 310, 311, 313, 316, 326, 328, 343, 345, 360, 361, 362, 363, 364, 365, 367, 374, 376, 402, 413, 416, 427, 428, 431, 442, 443], "excluded_lines": [], "functions": {"TwitterOAuth1.__init__": {"executed_lines": [], "summary": {"covered_lines": 0, "num_statements": 4, "percent_covered": 0.0, "percent_covered_display": "0", "missing_lines": 4, "excluded_lines": 0}, "missing_lines": [62, 63, 64, 65], "excluded_lines": []}, "TwitterOAuth1.get_platform_config": {"executed_lines": [], "summary": {"covered_lines": 0, "num_statements": 1, "percent_covered": 0.0, "percent_covered_display": "0", "missing_lines": 1, "excluded_lines": 0}, "missing_lines": [74], "excluded_lines": []}, "TwitterOAuth1._is_placeholder_credential": {"executed_lines": [], "summary": {"covered_lines": 0, "num_statements": 5, "percent_covered": 0.0, "percent_covered_display": "0", "missing_lines": 5, "excluded_lines": 0}, "missing_lines": [92, 93, 95, 100, 101], "excluded_lines": []}, "TwitterOAuth1.get_credentials": {"executed_lines": [], "summary": {"covered_lines": 0, "num_statements": 39, "percent_covered": 0.0, "percent_covered_display": "0", "missing_lines": 39, "excluded_lines": 0}, "missing_lines": [122, 123, 126, 127, 128, 129, 130, 132, 133, 134, 136, 137, 138, 145, 146, 147, 150, 151, 152, 153, 154, 156, 157, 158, 160, 161, 162, 169, 170, 171, 174, 175, 176, 179, 180, 184, 193, 194, 201], "excluded_lines": []}, "TwitterOAuth1._get_default_callback_url": {"executed_lines": [], "summary": {"covered_lines": 0, "num_statements": 1, "percent_covered": 0.0, "percent_covered_display": "0", "missing_lines": 1, "excluded_lines": 0}, "missing_lines": [205], "excluded_lines": []}, "TwitterOAuth1.is_configured": {"executed_lines": [], "summary": {"covered_lines": 0, "num_statements": 2, "percent_covered": 0.0, "percent_covered_display": "0", "missing_lines": 2, "excluded_lines": 0}, "missing_lines": [214, 215], "excluded_lines": []}, "TwitterOAuth1.get_request_token_with_config": {"executed_lines": [], "summary": {"covered_lines": 0, "num_statements": 5, "percent_covered": 0.0, "percent_covered_display": "0", "missing_lines": 5, "excluded_lines": 0}, "missing_lines": [230, 232, 233, 235, 237], "excluded_lines": []}, "TwitterOAuth1.get_authorization_url_with_config": {"executed_lines": [], "summary": {"covered_lines": 0, "num_statements": 2, "percent_covered": 0.0, "percent_covered_display": "0", "missing_lines": 2, "excluded_lines": 0}, "missing_lines": [254, 255], "excluded_lines": []}, "TwitterOAuth1.get_access_token_with_config": {"executed_lines": [], "summary": {"covered_lines": 0, "num_statements": 5, "percent_covered": 0.0, "percent_covered_display": "0", "missing_lines": 5, "excluded_lines": 0}, "missing_lines": [277, 279, 280, 282, 284], "excluded_lines": []}, "TwitterOAuth1.get_user_info_with_config": {"executed_lines": [], "summary": {"covered_lines": 0, "num_statements": 8, "percent_covered": 0.0, "percent_covered_display": "0", "missing_lines": 8, "excluded_lines": 0}, "missing_lines": [308, 310, 311, 313, 316, 326, 328, 343], "excluded_lines": []}, "TwitterOAuth1.validate_credentials_with_config": {"executed_lines": [], "summary": {"covered_lines": 0, "num_statements": 6, "percent_covered": 0.0, "percent_covered_display": "0", "missing_lines": 6, "excluded_lines": 0}, "missing_lines": [360, 361, 362, 363, 364, 365], "excluded_lines": []}, "TwitterOAuth1.get_config_status": {"executed_lines": [], "summary": {"covered_lines": 0, "num_statements": 2, "percent_covered": 0.0, "percent_covered_display": "0", "missing_lines": 2, "excluded_lines": 0}, "missing_lines": [374, 376], "excluded_lines": []}, "get_twitter_oauth_instance": {"executed_lines": [], "summary": {"covered_lines": 0, "num_statements": 1, "percent_covered": 0.0, "percent_covered_display": "0", "missing_lines": 1, "excluded_lines": 0}, "missing_lines": [413], "excluded_lines": []}, "is_oauth1_configured_compat": {"executed_lines": [], "summary": {"covered_lines": 0, "num_statements": 2, "percent_covered": 0.0, "percent_covered_display": "0", "missing_lines": 2, "excluded_lines": 0}, "missing_lines": [427, 428], "excluded_lines": []}, "get_oauth_config_status_compat": {"executed_lines": [], "summary": {"covered_lines": 0, "num_statements": 2, "percent_covered": 0.0, "percent_covered_display": "0", "missing_lines": 2, "excluded_lines": 0}, "missing_lines": [442, 443], "excluded_lines": []}, "": {"executed_lines": [], "summary": {"covered_lines": 0, "num_statements": 23, "percent_covered": 0.0, "percent_covered_display": "0", "missing_lines": 23, "excluded_lines": 0}, "missing_lines": [34, 35, 36, 37, 39, 42, 43, 46, 54, 67, 82, 103, 203, 207, 221, 244, 260, 293, 345, 367, 402, 416, 431], "excluded_lines": []}}, "classes": {"TwitterOAuth1": {"executed_lines": [], "summary": {"covered_lines": 0, "num_statements": 80, "percent_covered": 0.0, "percent_covered_display": "0", "missing_lines": 80, "excluded_lines": 0}, "missing_lines": [62, 63, 64, 65, 74, 92, 93, 95, 100, 101, 122, 123, 126, 127, 128, 129, 130, 132, 133, 134, 136, 137, 138, 145, 146, 147, 150, 151, 152, 153, 154, 156, 157, 158, 160, 161, 162, 169, 170, 171, 174, 175, 176, 179, 180, 184, 193, 194, 201, 205, 214, 215, 230, 232, 233, 235, 237, 254, 255, 277, 279, 280, 282, 284, 308, 310, 311, 313, 316, 326, 328, 343, 360, 361, 362, 363, 364, 365, 374, 376], "excluded_lines": []}, "": {"executed_lines": [], "summary": {"covered_lines": 0, "num_statements": 28, "percent_covered": 0.0, "percent_covered_display": "0", "missing_lines": 28, "excluded_lines": 0}, "missing_lines": [34, 35, 36, 37, 39, 42, 43, 46, 54, 67, 82, 103, 203, 207, 221, 244, 260, 293, 345, 367, 402, 413, 416, 427, 428, 431, 442, 443], "excluded_lines": []}}}, "utils/twitter_oauth_service.py": {"executed_lines": [], "summary": {"covered_lines": 0, "num_statements": 158, "percent_covered": 0.0, "percent_covered_display": "0", "missing_lines": 158, "excluded_lines": 0}, "missing_lines": [20, 21, 22, 23, 24, 26, 27, 28, 34, 41, 42, 45, 46, 49, 61, 68, 69, 71, 78, 80, 116, 118, 119, 127, 130, 133, 135, 136, 144, 146, 147, 150, 153, 163, 166, 177, 179, 182, 185, 195, 197, 205, 206, 207, 208, 210, 248, 250, 254, 255, 264, 267, 268, 277, 280, 281, 282, 291, 294, 295, 296, 299, 300, 301, 304, 310, 311, 320, 322, 323, 324, 325, 328, 330, 331, 332, 339, 352, 356, 357, 358, 359, 362, 364, 367, 377, 379, 389, 390, 391, 392, 394, 404, 405, 411, 412, 415, 416, 418, 419, 420, 423, 424, 426, 428, 429, 430, 431, 433, 439, 441, 443, 444, 445, 451, 453, 463, 464, 466, 467, 472, 474, 476, 477, 478, 484, 486, 492, 493, 496, 501, 505, 507, 508, 510, 511, 512, 514, 538, 539, 551, 552, 554, 555, 556, 558, 568, 570, 580, 582, 586, 591, 594, 599, 605, 621, 622, 623], "excluded_lines": [], "functions": {"TwitterOAuthService.__init__": {"executed_lines": [], "summary": {"covered_lines": 0, "num_statements": 2, "percent_covered": 0.0, "percent_covered_display": "0", "missing_lines": 2, "excluded_lines": 0}, "missing_lines": [68, 69], "excluded_lines": []}, "TwitterOAuthService.generate_state": {"executed_lines": [], "summary": {"covered_lines": 0, "num_statements": 1, "percent_covered": 0.0, "percent_covered_display": "0", "missing_lines": 1, "excluded_lines": 0}, "missing_lines": [78], "excluded_lines": []}, "TwitterOAuthService.initiate_oauth": {"executed_lines": [], "summary": {"covered_lines": 0, "num_statements": 25, "percent_covered": 0.0, "percent_covered_display": "0", "missing_lines": 25, "excluded_lines": 0}, "missing_lines": [116, 118, 119, 127, 130, 133, 135, 136, 144, 146, 147, 150, 153, 163, 166, 177, 179, 182, 185, 195, 197, 205, 206, 207, 208], "excluded_lines": []}, "TwitterOAuthService.handle_callback": {"executed_lines": [], "summary": {"covered_lines": 0, "num_statements": 45, "percent_covered": 0.0, "percent_covered_display": "0", "missing_lines": 45, "excluded_lines": 0}, "missing_lines": [248, 250, 254, 255, 264, 267, 268, 277, 280, 281, 282, 291, 294, 295, 296, 299, 300, 301, 304, 310, 311, 320, 322, 323, 324, 325, 328, 330, 331, 332, 339, 352, 356, 357, 358, 359, 362, 364, 367, 377, 379, 389, 390, 391, 392], "excluded_lines": []}, "TwitterOAuthService.validate_connection": {"executed_lines": [], "summary": {"covered_lines": 0, "num_statements": 23, "percent_covered": 0.0, "percent_covered_display": "0", "missing_lines": 23, "excluded_lines": 0}, "missing_lines": [404, 405, 411, 412, 415, 416, 418, 419, 420, 423, 424, 426, 428, 429, 430, 431, 433, 439, 441, 443, 444, 445, 451], "excluded_lines": []}, "TwitterOAuthService.disconnect": {"executed_lines": [], "summary": {"covered_lines": 0, "num_statements": 10, "percent_covered": 0.0, "percent_covered_display": "0", "missing_lines": 10, "excluded_lines": 0}, "missing_lines": [463, 464, 466, 467, 472, 474, 476, 477, 478, 484], "excluded_lines": []}, "TwitterOAuthService._cleanup_expired_tokens": {"executed_lines": [], "summary": {"covered_lines": 0, "num_statements": 10, "percent_covered": 0.0, "percent_covered_display": "0", "missing_lines": 10, "excluded_lines": 0}, "missing_lines": [492, 493, 496, 501, 505, 507, 508, 510, 511, 512], "excluded_lines": []}, "TwitterOAuthService._audit_log": {"executed_lines": [], "summary": {"covered_lines": 0, "num_statements": 7, "percent_covered": 0.0, "percent_covered_display": "0", "missing_lines": 7, "excluded_lines": 0}, "missing_lines": [538, 539, 551, 552, 554, 555, 556], "excluded_lines": []}, "TwitterOAuthService.get_connection_status": {"executed_lines": [], "summary": {"covered_lines": 0, "num_statements": 1, "percent_covered": 0.0, "percent_covered_display": "0", "missing_lines": 1, "excluded_lines": 0}, "missing_lines": [568], "excluded_lines": []}, "TwitterOAuthService.get_oauth_stats": {"executed_lines": [], "summary": {"covered_lines": 0, "num_statements": 10, "percent_covered": 0.0, "percent_covered_display": "0", "missing_lines": 10, "excluded_lines": 0}, "missing_lines": [580, 582, 586, 591, 594, 599, 605, 621, 622, 623], "excluded_lines": []}, "": {"executed_lines": [], "summary": {"covered_lines": 0, "num_statements": 24, "percent_covered": 0.0, "percent_covered_display": "0", "missing_lines": 24, "excluded_lines": 0}, "missing_lines": [20, 21, 22, 23, 24, 26, 27, 28, 34, 41, 42, 45, 46, 49, 61, 71, 80, 210, 394, 453, 486, 514, 558, 570], "excluded_lines": []}}, "classes": {"TwitterOAuthService": {"executed_lines": [], "summary": {"covered_lines": 0, "num_statements": 134, "percent_covered": 0.0, "percent_covered_display": "0", "missing_lines": 134, "excluded_lines": 0}, "missing_lines": [68, 69, 78, 116, 118, 119, 127, 130, 133, 135, 136, 144, 146, 147, 150, 153, 163, 166, 177, 179, 182, 185, 195, 197, 205, 206, 207, 208, 248, 250, 254, 255, 264, 267, 268, 277, 280, 281, 282, 291, 294, 295, 296, 299, 300, 301, 304, 310, 311, 320, 322, 323, 324, 325, 328, 330, 331, 332, 339, 352, 356, 357, 358, 359, 362, 364, 367, 377, 379, 389, 390, 391, 392, 404, 405, 411, 412, 415, 416, 418, 419, 420, 423, 424, 426, 428, 429, 430, 431, 433, 439, 441, 443, 444, 445, 451, 463, 464, 466, 467, 472, 474, 476, 477, 478, 484, 492, 493, 496, 501, 505, 507, 508, 510, 511, 512, 538, 539, 551, 552, 554, 555, 556, 568, 580, 582, 586, 591, 594, 599, 605, 621, 622, 623], "excluded_lines": []}, "": {"executed_lines": [], "summary": {"covered_lines": 0, "num_statements": 24, "percent_covered": 0.0, "percent_covered_display": "0", "missing_lines": 24, "excluded_lines": 0}, "missing_lines": [20, 21, 22, 23, 24, 26, 27, 28, 34, 41, 42, 45, 46, 49, 61, 71, 80, 210, 394, 453, 486, 514, 558, 570], "excluded_lines": []}}}, "utils/user_oauth_credential_manager.py": {"executed_lines": [1, 35, 36, 37, 38, 40, 41, 44, 45, 48, 49, 57, 75, 90, 174, 289, 327, 407, 448, 478, 495, 512, 531, 539], "summary": {"covered_lines": 22, "num_statements": 213, "percent_covered": 10.328638497652582, "percent_covered_display": "10", "missing_lines": 191, "excluded_lines": 0}, "missing_lines": [85, 86, 87, 88, 110, 112, 113, 119, 120, 121, 124, 134, 136, 137, 138, 141, 142, 143, 145, 147, 148, 149, 150, 153, 154, 155, 160, 166, 167, 169, 170, 172, 204, 207, 208, 210, 211, 214, 215, 216, 217, 218, 219, 221, 223, 228, 230, 232, 233, 234, 235, 236, 237, 240, 241, 249, 252, 253, 254, 255, 258, 259, 260, 261, 263, 264, 265, 266, 267, 270, 271, 272, 274, 275, 278, 280, 281, 283, 284, 285, 286, 287, 299, 301, 302, 307, 308, 309, 311, 312, 313, 316, 318, 319, 321, 322, 323, 324, 325, 352, 354, 355, 361, 363, 377, 378, 379, 380, 381, 382, 383, 384, 385, 386, 387, 388, 390, 403, 404, 405, 417, 419, 420, 421, 423, 424, 425, 426, 427, 428, 429, 431, 434, 437, 439, 441, 442, 443, 444, 445, 446, 450, 451, 454, 462, 470, 471, 473, 475, 476, 480, 482, 483, 486, 487, 488, 490, 492, 493, 497, 499, 500, 503, 504, 505, 507, 509, 510, 514, 515, 520, 521, 522, 523, 524, 525, 527, 528, 529, 533, 534, 535, 536, 537, 548, 549, 559, 560, 562, 563, 564], "excluded_lines": [], "functions": {"UserOAuthCredentialManager.__init__": {"executed_lines": [], "summary": {"covered_lines": 0, "num_statements": 4, "percent_covered": 0.0, "percent_covered_display": "0", "missing_lines": 4, "excluded_lines": 0}, "missing_lines": [85, 86, 87, 88], "excluded_lines": []}, "UserOAuthCredentialManager.get_credentials": {"executed_lines": [], "summary": {"covered_lines": 0, "num_statements": 28, "percent_covered": 0.0, "percent_covered_display": "0", "missing_lines": 28, "excluded_lines": 0}, "missing_lines": [110, 112, 113, 119, 120, 121, 124, 134, 136, 137, 138, 141, 142, 143, 145, 147, 148, 149, 150, 153, 154, 155, 160, 166, 167, 169, 170, 172], "excluded_lines": []}, "UserOAuthCredentialManager.save_credentials": {"executed_lines": [], "summary": {"covered_lines": 0, "num_statements": 50, "percent_covered": 0.0, "percent_covered_display": "0", "missing_lines": 50, "excluded_lines": 0}, "missing_lines": [204, 207, 208, 210, 211, 214, 215, 216, 217, 218, 219, 221, 223, 228, 230, 232, 233, 234, 235, 236, 237, 240, 241, 249, 252, 253, 254, 255, 258, 259, 260, 261, 263, 264, 265, 266, 267, 270, 271, 272, 274, 275, 278, 280, 281, 283, 284, 285, 286, 287], "excluded_lines": []}, "UserOAuthCredentialManager.delete_credentials": {"executed_lines": [], "summary": {"covered_lines": 0, "num_statements": 17, "percent_covered": 0.0, "percent_covered_display": "0", "missing_lines": 17, "excluded_lines": 0}, "missing_lines": [299, 301, 302, 307, 308, 309, 311, 312, 313, 316, 318, 319, 321, 322, 323, 324, 325], "excluded_lines": []}, "UserOAuthCredentialManager.get_credential_status": {"executed_lines": [], "summary": {"covered_lines": 0, "num_statements": 21, "percent_covered": 0.0, "percent_covered_display": "0", "missing_lines": 21, "excluded_lines": 0}, "missing_lines": [352, 354, 355, 361, 363, 377, 378, 379, 380, 381, 382, 383, 384, 385, 386, 387, 388, 390, 403, 404, 405], "excluded_lines": []}, "UserOAuthCredentialManager.test_credentials": {"executed_lines": [], "summary": {"covered_lines": 0, "num_statements": 21, "percent_covered": 0.0, "percent_covered_display": "0", "missing_lines": 21, "excluded_lines": 0}, "missing_lines": [417, 419, 420, 421, 423, 424, 425, 426, 427, 428, 429, 431, 434, 437, 439, 441, 442, 443, 444, 445, 446], "excluded_lines": []}, "UserOAuthCredentialManager._test_twitter_credentials": {"executed_lines": [], "summary": {"covered_lines": 0, "num_statements": 9, "percent_covered": 0.0, "percent_covered_display": "0", "missing_lines": 9, "excluded_lines": 0}, "missing_lines": [450, 451, 454, 462, 470, 471, 473, 475, 476], "excluded_lines": []}, "UserOAuthCredentialManager._test_linkedin_credentials": {"executed_lines": [], "summary": {"covered_lines": 0, "num_statements": 9, "percent_covered": 0.0, "percent_covered_display": "0", "missing_lines": 9, "excluded_lines": 0}, "missing_lines": [480, 482, 483, 486, 487, 488, 490, 492, 493], "excluded_lines": []}, "UserOAuthCredentialManager._test_threads_credentials": {"executed_lines": [], "summary": {"covered_lines": 0, "num_statements": 9, "percent_covered": 0.0, "percent_covered_display": "0", "missing_lines": 9, "excluded_lines": 0}, "missing_lines": [497, 499, 500, 503, 504, 505, 507, 509, 510], "excluded_lines": []}, "UserOAuthCredentialManager._update_validation_status": {"executed_lines": [], "summary": {"covered_lines": 0, "num_statements": 11, "percent_covered": 0.0, "percent_covered_display": "0", "missing_lines": 11, "excluded_lines": 0}, "missing_lines": [514, 515, 520, 521, 522, 523, 524, 525, 527, 528, 529], "excluded_lines": []}, "UserOAuthCredentialManager._mask_credential": {"executed_lines": [], "summary": {"covered_lines": 0, "num_statements": 5, "percent_covered": 0.0, "percent_covered_display": "0", "missing_lines": 5, "excluded_lines": 0}, "missing_lines": [533, 534, 535, 536, 537], "excluded_lines": []}, "UserOAuthCredentialManager._log_audit": {"executed_lines": [], "summary": {"covered_lines": 0, "num_statements": 7, "percent_covered": 0.0, "percent_covered_display": "0", "missing_lines": 7, "excluded_lines": 0}, "missing_lines": [548, 549, 559, 560, 562, 563, 564], "excluded_lines": []}, "": {"executed_lines": [1, 35, 36, 37, 38, 40, 41, 44, 45, 48, 49, 57, 75, 90, 174, 289, 327, 407, 448, 478, 495, 512, 531, 539], "summary": {"covered_lines": 22, "num_statements": 22, "percent_covered": 100.0, "percent_covered_display": "100", "missing_lines": 0, "excluded_lines": 0}, "missing_lines": [], "excluded_lines": []}}, "classes": {"UserOAuthCredentialManager": {"executed_lines": [], "summary": {"covered_lines": 0, "num_statements": 191, "percent_covered": 0.0, "percent_covered_display": "0", "missing_lines": 191, "excluded_lines": 0}, "missing_lines": [85, 86, 87, 88, 110, 112, 113, 119, 120, 121, 124, 134, 136, 137, 138, 141, 142, 143, 145, 147, 148, 149, 150, 153, 154, 155, 160, 166, 167, 169, 170, 172, 204, 207, 208, 210, 211, 214, 215, 216, 217, 218, 219, 221, 223, 228, 230, 232, 233, 234, 235, 236, 237, 240, 241, 249, 252, 253, 254, 255, 258, 259, 260, 261, 263, 264, 265, 266, 267, 270, 271, 272, 274, 275, 278, 280, 281, 283, 284, 285, 286, 287, 299, 301, 302, 307, 308, 309, 311, 312, 313, 316, 318, 319, 321, 322, 323, 324, 325, 352, 354, 355, 361, 363, 377, 378, 379, 380, 381, 382, 383, 384, 385, 386, 387, 388, 390, 403, 404, 405, 417, 419, 420, 421, 423, 424, 425, 426, 427, 428, 429, 431, 434, 437, 439, 441, 442, 443, 444, 445, 446, 450, 451, 454, 462, 470, 471, 473, 475, 476, 480, 482, 483, 486, 487, 488, 490, 492, 493, 497, 499, 500, 503, 504, 505, 507, 509, 510, 514, 515, 520, 521, 522, 523, 524, 525, 527, 528, 529, 533, 534, 535, 536, 537, 548, 549, 559, 560, 562, 563, 564], "excluded_lines": []}, "": {"executed_lines": [1, 35, 36, 37, 38, 40, 41, 44, 45, 48, 49, 57, 75, 90, 174, 289, 327, 407, 448, 478, 495, 512, 531, 539], "summary": {"covered_lines": 22, "num_statements": 22, "percent_covered": 100.0, "percent_covered_display": "100", "missing_lines": 0, "excluded_lines": 0}, "missing_lines": [], "excluded_lines": []}}}}, "totals": {"covered_lines": 2408, "num_statements": 11428, "percent_covered": 21.071053552677633, "percent_covered_display": "21", "missing_lines": 9020, "excluded_lines": 2}}